2025-03-04 21:03:54,958 - 哪吒2爆火后，国漫IP能否构建自己的“漫威宇宙”_20250304210329 - INFO - Event: Init Outlines:
1. 引言：国漫IP发展背景与《哪吒2》市场现象  
2. 漫威宇宙成功模式的核心要素分析  
3. 国漫IP产业生态现状与资源整合潜力  
4. 文化差异与本土化IP开发的独特优势  
5. 跨媒介叙事与IP联动运营的可行性探讨  
6. 发展瓶颈与风险因素（版权、创意、产业链）  
7. 构建国漫宇宙的路径规划与策略建议  
8. 结论：国漫IP产业化升级的前景展望
2025-03-04 21:03:56,659 - 哪吒2爆火后，国漫IP能否构建自己的“漫威宇宙”_20250304210329 - INFO - Event: === STEP 1: RETRIEVAL ===
Searching for: {question}

Retrieved Context: 
{retrieved_context}
2025-03-04 21:03:57,215 - 哪吒2爆火后，国漫IP能否构建自己的“漫威宇宙”_20250304210329 - INFO - Event: === STEP 1: RETRIEVAL ===
Searching for: {question}

Retrieved Context: 
{retrieved_context}
2025-03-04 21:03:57,431 - 哪吒2爆火后，国漫IP能否构建自己的“漫威宇宙”_20250304210329 - INFO - Event: === STEP 1: RETRIEVAL ===
Searching for: {question}

Retrieved Context: 
{retrieved_context}
2025-03-04 21:03:58,075 - 哪吒2爆火后，国漫IP能否构建自己的“漫威宇宙”_20250304210329 - INFO - Event: === STEP 1: RETRIEVAL ===
Searching for: {question}

Retrieved Context: 
{retrieved_context}
2025-03-04 21:03:58,354 - 哪吒2爆火后，国漫IP能否构建自己的“漫威宇宙”_20250304210329 - INFO - Event: === STEP 1: RETRIEVAL ===
Searching for: {question}

Retrieved Context: 
{retrieved_context}
2025-03-04 21:03:58,767 - 哪吒2爆火后，国漫IP能否构建自己的“漫威宇宙”_20250304210329 - INFO - Event: === STEP 1: RETRIEVAL ===
Searching for: {question}

Retrieved Context: 
{retrieved_context}
2025-03-04 21:03:59,672 - 哪吒2爆火后，国漫IP能否构建自己的“漫威宇宙”_20250304210329 - INFO - Event: === STEP 1: RETRIEVAL ===
Searching for: {question}

Retrieved Context: 
{retrieved_context}
2025-03-04 21:03:59,954 - 哪吒2爆火后，国漫IP能否构建自己的“漫威宇宙”_20250304210329 - INFO - Event: === STEP 1: RETRIEVAL ===
Searching for: {question}

Retrieved Context: 
{retrieved_context}
