2025-03-04 21:04:46,115 - 哪吒2爆火后，国漫IP能否构建自己的“漫威宇宙”_20250304210427 - INFO - Event: Init Outlines:
1. 引言：《哪吒2》的市场表现与文化影响  
2. 国漫IP发展现状与核心代表作品分析  
3. 漫威宇宙的成功模式与关键要素借鉴  
4. 国漫IP构建“宇宙化”的潜在挑战与瓶颈  
5. 产业链协同：从内容创作到商业化运营的整合  
6. 文化输出与国际化：国漫IP的全球市场机遇  
7. 政策支持与行业生态优化的必要性  
8. 结论：国漫IP“宇宙化”的未来路径展望
2025-03-04 21:04:47,872 - 哪吒2爆火后，国漫IP能否构建自己的“漫威宇宙”_20250304210427 - INFO - Event: === STEP 1: RETRIEVAL ===
Searching for: 哪吒2爆火后，国漫IP能否构建自己的“漫威宇宙”-漫威宇宙的成功模式与关键要素借鉴

Retrieved Context: 
转自：千龙网
《哪吒之魔童闹海》（以下简称《哪吒2》）自上映以来，票房一路高歌猛进，以拔节之势助推“国漫崛起”话题成为全民讨论热点。
从2015年上映的《西游记之大圣归来》（以下简称《大圣归来》）打破国产动画近30年的沉寂，到耗时12年制作而成的极具东方美学风格动画电影《大鱼海棠》；从“熊出没”系列原创动画IP走红，到《哪吒2》全球票房（含预售及海外）突破139亿元，位列全球电影榜第八位……10年来，口碑、票房双丰收的国产动漫市场正以势不可挡之态，向打破好莱坞对全球票房长期垄断这一目标挺进。
电影《哪吒之魔童闹海》中的哪吒形象。电影《哪吒之魔童闹海》官方微博供图
伴随着国产动画电影的爆火，“国漫崛起”的话题进入大众视野。不过，票房的成功并不代表国漫整体水平的跃升。从美国、日本等国的动漫行业发展历程来看，处于“单点爆发”阶段的国漫要实现“全球深耕”，仍有很长的路要走。
“人们谈‘国漫崛起’时，往往关注的是信心、希望和未来等问题，事实上，还应正视‘崛起’背后仍旧存在制作软件自主开发能力弱、产业链不完善、复合型人才缺乏、跨文化传播动力不足等发展困境，以及对破局之道的持续探索。”2月20日，北京大学新闻与传播学院长聘副教授王洪喆接受科技日报记者采访时表示。
“传统文化+现代叙事”
助国漫突围
齐刘海、烟熏妆的丑萌哪吒形象，有关成长、逆袭等引发观众情感共鸣的剧情设计，幽默诙谐的方言大集合……随着《哪吒2》票房屡创新高，观众对其爆火原因的讨论也不断延伸。
“可以说，《哪吒2》的爆火有着必然性。”武汉两点十分文化传播有限公司创始人兼CEO王世勇说。该公司深耕游戏CG动画宣传片及原创动画制作17年，深度参与了“哪吒”系列动画电影制作。王世勇告诉记者，近年来爆火的国产动画电影有三方面的共性：取材于中国神话故事或民间传说、颠覆式的人物设计和剧本创作、先进数字动画技术的加持。
从《大圣归来》《白蛇：缘起》《姜子牙》《新神榜：哪吒重生》以及《哪吒2》等动画电影的表现来看，以《西游记》《白蛇传》《封神演义》等古典文学作品和神话故事为创作之源，成了国产动画电影票房、口碑的保证。大众熟知的剧情故事和人物，再加上丑帅孙悟空、工装“青蛇”、黑眼圈哪吒等人物的创新改编，戏曲、水墨画等文化元素的凸显，观众的心理预期被大大满足，自发参与到电影的口碑营销中，助推票房逆袭。
网络游戏《梦三国2》中的吕布形象。杭州电魂网络科技股份有限公司供图
在保利文化集团股份有限公司（以下简称“保利文化”）党委书记、董事长王波看来，中华文明上下五千年的文化积淀，是“国漫崛起”得天独厚的优势资源。因此，开发具有中华民族特色的IP，是国漫发展顺势而为的本能表现。
王波介绍，以《铁扇公主》《哪吒闹海》等为代表的早期国产动画电影，便是深耕中华优秀传统文化的成功探索。进入21世纪以来，随着大众对国漫消费需求的增长，国漫市场迎来发展新机遇，越来越多的企业延续早期国产动画的发展路径，以“传统文化+现代叙事”的创作模式破圈突围。
科技赋能
“国漫崛起”态势全面形成
通过VR技术预先构建天宫场景；自主研发全球首个“动态水墨渲染引擎”技术，完成中国传统水墨画意境的数字化表达视效……在《哪吒2》中，全国138家动画制作公司合力打造的兼具东方美学意境和现代科技感的震撼特效场景，又一次向世界彰显“国漫崛起”背后，我国文化软实力与电影科技硬实力的深度融合。
“国产动画电影制作水平和综合技术的应用，在部分环节已经全球领先。”王世勇表示，《哪吒2》中成千上万的海妖身缠锁链激战的“海底炼狱”场景震惊了不少海内外观众，这得益于团队自主研发的群集动画软件Miarmy的助力。“该软件荣获美国第70届技术与工程艾美奖，现已服务多部动画电影的高精度场景与特效制作。”他说。
《哪吒2》片方曾向媒体透露，在制作前期，原本由国外顶尖动画团队制作的大部分特效场景因未达预期，遂换成了国内团队来制作，最终造就了此次国漫“大团结”的盛况。
北京什悦文化传播有限公司总导演张恬恬从事动画制作已有10余年，见证了国产动画制作技术水平的跃升。她坦言，近年来，随着实时渲染、合成图层等数字动画技术的发展，以及VR/AR、人工智能等前沿技术的融入，国产动画制作逐渐趋于数字化和虚拟化，已经实现了从传统手绘到智能工业化的跨越。
在《大圣归来》中，逼真的角色毛发系统还原、流体物理动力学解算和动画角色流畅行为，给观众以沉浸式的视觉体验；制作团队以好莱坞企业约1/10的成本、1/3的人员数量完成了可与其品质媲美的动画电影《新神榜：杨戬》；《海贼王》《葬送的芙莉莲》等动画作品中，由国内动画制作团队负责的画面流畅自然、张力十足，受到国外观众好评……科技赋能，国漫迎来了飞跃发展期，除动画电影外，网络文学、漫画、动漫、游戏、文创衍生品等产业也迎来“觉醒时刻”，“国漫崛起”态势全面形成。
作为国务院国资委序列中以文化艺术经营为主业的央企，保利文化早早构建起了从内容制作、发行到放映的全产业链，推动了“熊出没”系列电影的出品发行，打造了游戏《黑神话：悟空》数字IP与交响乐结合的跨界音乐会。
保利文化集团股份有限公司提供
自2005年起，浙江省杭州市便开始布局发展动漫游戏产业，率先在全国出台鼓励和扶持动漫游戏产业发展的有关政策举措，持续打造“动漫之都”。据杭州市文化创意产业发展中心相关负责人表示，从2006年开始，中国国际动漫节固定落户杭州。近年来，杭州孵化了国内首款3A游戏《黑神话：悟空》及系列动画作品，成为了“国漫崛起”中的一股强劲力量。
警惕内容同质化、“内卷式”竞争
“为中华优秀传统文化IP屡屡翻新、破壁欣喜之余，也要警惕国漫市场存在的创作内容同质化、原创动力不足等问题。”浙江大学文学院教授、影视与动漫游戏研究中心主任盘剑告诉记者，当前大部分国漫作品局限于“封神演义”“西游记”等公共IP题材的“安全范围”内，优质原创IP极为缺乏。
盘剑表示，随着《大圣归来》《姜子牙》、“新神榜”系列及“哪吒”系列等爆款国产动画电影出圈，国漫“封神宇宙”逐步形成，且有着对标美漫“漫威宇宙”之势。但由于“封神宇宙”属于公共IP，即任何团队都可围绕此IP制作有着相近时代背景却缺乏联动的系列作品。因此，很难形成像“漫威宇宙”的完整故事世界，不仅导致观众审美疲劳，还易造成国漫“内卷式”竞争。
3D武侠动画连续剧《秦时明月》。杭州玄机科技股份有限公司供图
在制作技术方面，盘剑认为，国产动画对先进数字技术的应用已相对成熟，但对动画引擎和制作软件的自主开发能力仍很欠缺。部分发达国家会为了一部新影片开发一套新软件，达到新的视觉效果，而我国在这方面的创新意识仍然不够。此外，游戏、动画等产业发展不平衡，部分企业制作大量劣质动画作品挤压优秀作品推广、变现空间，既懂专业技术又有审美创意的复合型的动漫人才缺乏等，也都阻碍了国漫市场健康发展。
在国内市场困境未破的同时，国漫“出海”也壁垒重重。
北京电影学院电影学系副教授李啸洋告诉记者，国漫作品是基于特定文化与历史语境变化的文化产品，具有历史性、现代性。但由于文化差异、海外发行和营销薄弱、翻译质量不高等因素，在国内爆火的部分国产动画电影在海外市场的票房表现却不尽如人意，“国漫”跨文化传播实践效果并不理想。
李啸洋进一步解释道，《大圣归来》中“二郎神真的有三只眼睛吗”等台词设定的笑点，未能给海外观众留下记忆；国产动画电影中常见的混天绫、乾坤圈等热门元素以及“封神榜”世界观等的叙事模式，也与海外观众的叙事习惯存在文化鸿沟，一定程度上造成国漫在国际传播时出现“文化折扣”现象。
国漫“出海”，是跨文化视角下的重新解读。因此，翻译不符合当地语言习惯和文化特色、中文配音辅以英文字幕的形式，也会影响海外观众的理解和体验。《哪吒2》在互联网电影资料库（IMDB）网站评分已达8.3分，超越《阿凡达4》（7.9分）等好莱坞电影，但仍有不少外国网友表示：“看英文字幕，让我无法完全理解故事。”
加快人才培养、完善产业链
是当务之急
“当下，国漫市场应抽离票房狂欢，回归文化创作和产业发展本身，查漏补缺，精准发力，破局前进，为持续输出优质作品打下坚实基础。”王洪喆认为，加快编剧、导演、美术、特效等优秀动画人才培养，完善漫画、动漫、影视、游戏、文创IP孵化等产业链，是国漫发展的当务之急。
作为《哪吒2》六家联合制作方之一，成都千鸟文化传播有限公司早在2021年，便针对企业实际用人需求，在重庆市永川区设置了实训基地，为全国在校生免费进行动画设计和3D模型培训，持续开展人才培养储备计划。
成都千鸟文化传播有限公司重庆市永川区实训基地。科技日报记者 王姗姗 摄
“每期培训班时长在3—6个月，招生不局限于动画相关专业，也无学历限制，只要对动画感兴趣的学生都可报名。”实训基地负责人李艳磊告诉记者，学生通过培训考核后，可自主选择是否留在企业任职。“近4年来，已有约60名自主培养的人才入职企业，且参与到了《哪吒2》等重大项目制作中。”李艳磊说。
在技术创新和产业链完善方面，王洪喆建议，一方面，要加强动画制作软件的自主开发；另一方面，政府、企业、高校、专业机构、创作者以及相关动漫协会组织，应形成合力，提高原创IP开发水平，创新现代化叙事能力，强化投资、出品、发行、衍生品开发等上下游产业链的联动合作。
面对国漫“出海”的跨文化传播困局，李啸洋认为应秉持“根植本土又面向世界”的创作理念，以国际化视角挖掘爱、成长、自然等人类共通情感故事，再搭载有着中国文化价值观的叙事模式，最终实现人类命运共同体的全球化语境表达。
“国漫要形成海内外共振效应，还应在发行渠道拓展、差异化宣发、寻求中外合作等方面发力。”王波认为，随着网络媒体的崛起，除院线上映路径外，国产动画电影还应主动寻求与Netflix等海外流媒体平台的合作机会，积极参加国际电影节或动漫展，借助新媒体社群粉丝网络，形成差异化、精准化的传播矩阵。“甚至可以在目标推广国建立本土化的网络渠道，真正将文化互补的理念渗透到营销全过程，推动国漫市场转型升级。”他说。
记者手记：
百年国漫，何以为势
随着《哪吒之魔童闹海》（以下简称《哪吒2》）陆续在美国、加拿大、新西兰、斐济等国家正式上映，国人开始关注其在海外市场的表现。
中国动画可追溯至20世纪20年代。自诞生之日起，万氏兄弟等一代代先驱，便不断探索具有中国特色的动画发展道路。1941年，中国首部动画长片《铁扇公主》问世。随后，《神笔》《小蝌蚪找妈妈》《大闹天宫》等作品，以传统水墨风格加经典名著改编的特色，逐步在世界上形成了独树一帜的“中国学派”。
但从20世纪90年代开始，“中国学派”陷入了发展停滞，而美国、日本动画产业却快速发展并形成了全球垄断之势。
21世纪以来，一批敢于创新的中国动画企业和创作者“觉醒”，逐渐从世界加工厂转变为原创内容生产者。他们延续了“中国学派”的民族主义风格，从传统文化中汲取创作养分。国家相关部门也出台了多项助力动画产业发展的政策举措，大力扶持彰显中华民族精神和东方美学风格动画电影作品，持续为“国漫崛起”注入强心剂。
2015年，《西游记之大圣归来》爆火出圈，打破了国产动画近30年的沉寂。随后，《白蛇：缘起》《姜子牙》《新神榜：哪吒重生》《哪吒2》等动画电影如雨后春笋般涌现，“熊出没”系列、《罗小黑战记》等原创IP动画电影，也在海外市场创造了出色成绩。
湖南极也视界文化艺术有限公司参与了《哪吒2》中十二金仙等多种3D建模制作。该公司CEO满磊告诉记者，公司成立4年来，有近一半的时间放在了《哪吒2》的制作上。“得益于头部爆款作品的带动，我们这样的初创型动画企业有了更多发展机会。”满磊说。
2020年，“00后”大学生公治皓，看准国漫市场的快速发展，决定创业从事国漫IP衍生品孵化。他告诉记者：“期待能有更多青年人成为国漫发展助推者，推动国漫市场向动画、漫画、游戏等产业链集合发展迈进。”
国漫作为一种特殊的文化产品，自然而然被赋予了传播国家形象、讲好中国故事的新使命。因此，当我们谈“国漫崛起”时，要以全球视野思考这一命题。或许，当国外的儿童也看着中国动画长大时，重现中国动画辉煌和“国漫崛起”，才真正有了现实意义。
最近，《哪吒2》可以说是火遍全球了！上映后不仅连续4天蝉联中国香港单日票房榜首，连美国洛杉矶的首映礼都座无虚席，纽约、悉尼等地的影院部分场次预售票更是提前一周就被抢光了！这波热度可以说是相当惊人了。与此同时，'哪吒热'还带动了衍生品市场的疯狂，工厂都快被'吒'疯了，加班加点生产都供不应求。这么火的IP，到底是怎么炼成的呢？
要说国产IP的成功，可不仅仅是运气好。从《哪吒2》到《黑神话：悟空》，再到《三体》，这些现象级作品的背后，都离不开对传统文化的深刻理解和创新表达。比如《哪吒2》中的'削骨还父'情节，就让无数观众泪目，这种对传统文化的现代化演绎，无疑是IP成功的关键。而《黑神话：悟空》则用顶尖的技术和精良的制作，向世界展示了中国游戏工业的强大实力。
但IP的成功，从来都不是一蹴而就的。以'哪吒'系列为例，它的成功离不开对传统文化的深耕和对市场需求的精准把握。而《三体》的成功，则是建立在对科幻文化长期积累和深入思考的基础上。这些案例告诉我们，打造成功的IP，需要的不仅是灵感，更是时间的积累和不断的打磨。
说到IP的商业化，'哪吒'系列也给我们带来了不少启示。除了票房收入，衍生品的销售、点播收入以及广告等多元化的商业模式，都为IP的商业化提供了强大的支撑。比如，'跟着电影游德州'就成为了今年春节的文旅热点，影视为文旅赋能，推动了'唐探'IP向实景化延伸。这种多元化的商业策略，不仅延长了IP的生命周期，也为相关企业带来了更多的商业机会。
但IP的打造，从来都不是一个简单的过程。爆款IP的诞生，需要从内容创作、版权运营到多元开发的协同发力。这就需要我们不仅要有好的创意，还要有好的运营团队，更要有好的市场策略。只有这样才能让IP从爆款走向长红。
最后，我们不得不提到国产IP的未来。随着网文、影视、游戏成为我国文化出海的'新三强'，打造更多引发世界关注的头部IP，已经成为我们的必答题。期待未来能有更多像《哪吒2》这样的优秀作品，让国产IP在世界舞台上掀起更大的文化浪潮！
AI太神奇了！上传照片，AI帮你5秒生成动漫头像，超多风格可选，前100名免费体验 → https://ai.sohu.com/pc/tool/cartoonFace?trans=030001_jdaidmtx44
·
展开全文
简单四步，轻松制作头像，保姆级教程来啦：
第一步：在电脑或手机浏览器中打开简单AI，或者在微信小程序搜索【简单AI】。在左侧导航栏选择"AI绘图"中的"图片生成图片"，在"选择画什么"模块选择"动漫头像"。
第二步：你在【上传参考图】这里你可以点击或拖拽上传参考图。
第三步：选择画面风格、生成比例及生成数量，点击“生成图片”，一键生成属于你的头像！
第四步：点击下载图标，就可以免费下载啦。如果需要抠图换背景，可以使用简单AI的【绘图工具-AI抠图功能】哦~
最后，是个小彩蛋，这个工具目前是【免费】的，新用户会获得30积分新手礼，相比市面上动不动就收费几百的的AI工具，性价比直接拉满！关键是操作简单，不需要下载软件，打开就能用，非常适合小白用户。
简单AI还有不少实用的AI功能，不仅可以一键生成创意美图，还能三步写出爆款文章，网站提供生成自媒体配图、创意海报、种草笔记、爆款标题、活动方案、AI商品图及AI证件照等多项AI创作功能。快来试试吧！

2025-03-04 21:04:48,197 - 哪吒2爆火后，国漫IP能否构建自己的“漫威宇宙”_20250304210427 - INFO - Event: === STEP 1: RETRIEVAL ===
Searching for: 哪吒2爆火后，国漫IP能否构建自己的“漫威宇宙”-国漫IP构建“宇宙化”的潜在挑战与瓶颈

Retrieved Context: 
转自：千龙网
《哪吒之魔童闹海》（以下简称《哪吒2》）自上映以来，票房一路高歌猛进，以拔节之势助推“国漫崛起”话题成为全民讨论热点。
从2015年上映的《西游记之大圣归来》（以下简称《大圣归来》）打破国产动画近30年的沉寂，到耗时12年制作而成的极具东方美学风格动画电影《大鱼海棠》；从“熊出没”系列原创动画IP走红，到《哪吒2》全球票房（含预售及海外）突破139亿元，位列全球电影榜第八位……10年来，口碑、票房双丰收的国产动漫市场正以势不可挡之态，向打破好莱坞对全球票房长期垄断这一目标挺进。
电影《哪吒之魔童闹海》中的哪吒形象。电影《哪吒之魔童闹海》官方微博供图
伴随着国产动画电影的爆火，“国漫崛起”的话题进入大众视野。不过，票房的成功并不代表国漫整体水平的跃升。从美国、日本等国的动漫行业发展历程来看，处于“单点爆发”阶段的国漫要实现“全球深耕”，仍有很长的路要走。
“人们谈‘国漫崛起’时，往往关注的是信心、希望和未来等问题，事实上，还应正视‘崛起’背后仍旧存在制作软件自主开发能力弱、产业链不完善、复合型人才缺乏、跨文化传播动力不足等发展困境，以及对破局之道的持续探索。”2月20日，北京大学新闻与传播学院长聘副教授王洪喆接受科技日报记者采访时表示。
“传统文化+现代叙事”
助国漫突围
齐刘海、烟熏妆的丑萌哪吒形象，有关成长、逆袭等引发观众情感共鸣的剧情设计，幽默诙谐的方言大集合……随着《哪吒2》票房屡创新高，观众对其爆火原因的讨论也不断延伸。
“可以说，《哪吒2》的爆火有着必然性。”武汉两点十分文化传播有限公司创始人兼CEO王世勇说。该公司深耕游戏CG动画宣传片及原创动画制作17年，深度参与了“哪吒”系列动画电影制作。王世勇告诉记者，近年来爆火的国产动画电影有三方面的共性：取材于中国神话故事或民间传说、颠覆式的人物设计和剧本创作、先进数字动画技术的加持。
从《大圣归来》《白蛇：缘起》《姜子牙》《新神榜：哪吒重生》以及《哪吒2》等动画电影的表现来看，以《西游记》《白蛇传》《封神演义》等古典文学作品和神话故事为创作之源，成了国产动画电影票房、口碑的保证。大众熟知的剧情故事和人物，再加上丑帅孙悟空、工装“青蛇”、黑眼圈哪吒等人物的创新改编，戏曲、水墨画等文化元素的凸显，观众的心理预期被大大满足，自发参与到电影的口碑营销中，助推票房逆袭。
网络游戏《梦三国2》中的吕布形象。杭州电魂网络科技股份有限公司供图
在保利文化集团股份有限公司（以下简称“保利文化”）党委书记、董事长王波看来，中华文明上下五千年的文化积淀，是“国漫崛起”得天独厚的优势资源。因此，开发具有中华民族特色的IP，是国漫发展顺势而为的本能表现。
王波介绍，以《铁扇公主》《哪吒闹海》等为代表的早期国产动画电影，便是深耕中华优秀传统文化的成功探索。进入21世纪以来，随着大众对国漫消费需求的增长，国漫市场迎来发展新机遇，越来越多的企业延续早期国产动画的发展路径，以“传统文化+现代叙事”的创作模式破圈突围。
科技赋能
“国漫崛起”态势全面形成
通过VR技术预先构建天宫场景；自主研发全球首个“动态水墨渲染引擎”技术，完成中国传统水墨画意境的数字化表达视效……在《哪吒2》中，全国138家动画制作公司合力打造的兼具东方美学意境和现代科技感的震撼特效场景，又一次向世界彰显“国漫崛起”背后，我国文化软实力与电影科技硬实力的深度融合。
“国产动画电影制作水平和综合技术的应用，在部分环节已经全球领先。”王世勇表示，《哪吒2》中成千上万的海妖身缠锁链激战的“海底炼狱”场景震惊了不少海内外观众，这得益于团队自主研发的群集动画软件Miarmy的助力。“该软件荣获美国第70届技术与工程艾美奖，现已服务多部动画电影的高精度场景与特效制作。”他说。
《哪吒2》片方曾向媒体透露，在制作前期，原本由国外顶尖动画团队制作的大部分特效场景因未达预期，遂换成了国内团队来制作，最终造就了此次国漫“大团结”的盛况。
北京什悦文化传播有限公司总导演张恬恬从事动画制作已有10余年，见证了国产动画制作技术水平的跃升。她坦言，近年来，随着实时渲染、合成图层等数字动画技术的发展，以及VR/AR、人工智能等前沿技术的融入，国产动画制作逐渐趋于数字化和虚拟化，已经实现了从传统手绘到智能工业化的跨越。
在《大圣归来》中，逼真的角色毛发系统还原、流体物理动力学解算和动画角色流畅行为，给观众以沉浸式的视觉体验；制作团队以好莱坞企业约1/10的成本、1/3的人员数量完成了可与其品质媲美的动画电影《新神榜：杨戬》；《海贼王》《葬送的芙莉莲》等动画作品中，由国内动画制作团队负责的画面流畅自然、张力十足，受到国外观众好评……科技赋能，国漫迎来了飞跃发展期，除动画电影外，网络文学、漫画、动漫、游戏、文创衍生品等产业也迎来“觉醒时刻”，“国漫崛起”态势全面形成。
作为国务院国资委序列中以文化艺术经营为主业的央企，保利文化早早构建起了从内容制作、发行到放映的全产业链，推动了“熊出没”系列电影的出品发行，打造了游戏《黑神话：悟空》数字IP与交响乐结合的跨界音乐会。
保利文化集团股份有限公司提供
自2005年起，浙江省杭州市便开始布局发展动漫游戏产业，率先在全国出台鼓励和扶持动漫游戏产业发展的有关政策举措，持续打造“动漫之都”。据杭州市文化创意产业发展中心相关负责人表示，从2006年开始，中国国际动漫节固定落户杭州。近年来，杭州孵化了国内首款3A游戏《黑神话：悟空》及系列动画作品，成为了“国漫崛起”中的一股强劲力量。
警惕内容同质化、“内卷式”竞争
“为中华优秀传统文化IP屡屡翻新、破壁欣喜之余，也要警惕国漫市场存在的创作内容同质化、原创动力不足等问题。”浙江大学文学院教授、影视与动漫游戏研究中心主任盘剑告诉记者，当前大部分国漫作品局限于“封神演义”“西游记”等公共IP题材的“安全范围”内，优质原创IP极为缺乏。
盘剑表示，随着《大圣归来》《姜子牙》、“新神榜”系列及“哪吒”系列等爆款国产动画电影出圈，国漫“封神宇宙”逐步形成，且有着对标美漫“漫威宇宙”之势。但由于“封神宇宙”属于公共IP，即任何团队都可围绕此IP制作有着相近时代背景却缺乏联动的系列作品。因此，很难形成像“漫威宇宙”的完整故事世界，不仅导致观众审美疲劳，还易造成国漫“内卷式”竞争。
3D武侠动画连续剧《秦时明月》。杭州玄机科技股份有限公司供图
在制作技术方面，盘剑认为，国产动画对先进数字技术的应用已相对成熟，但对动画引擎和制作软件的自主开发能力仍很欠缺。部分发达国家会为了一部新影片开发一套新软件，达到新的视觉效果，而我国在这方面的创新意识仍然不够。此外，游戏、动画等产业发展不平衡，部分企业制作大量劣质动画作品挤压优秀作品推广、变现空间，既懂专业技术又有审美创意的复合型的动漫人才缺乏等，也都阻碍了国漫市场健康发展。
在国内市场困境未破的同时，国漫“出海”也壁垒重重。
北京电影学院电影学系副教授李啸洋告诉记者，国漫作品是基于特定文化与历史语境变化的文化产品，具有历史性、现代性。但由于文化差异、海外发行和营销薄弱、翻译质量不高等因素，在国内爆火的部分国产动画电影在海外市场的票房表现却不尽如人意，“国漫”跨文化传播实践效果并不理想。
李啸洋进一步解释道，《大圣归来》中“二郎神真的有三只眼睛吗”等台词设定的笑点，未能给海外观众留下记忆；国产动画电影中常见的混天绫、乾坤圈等热门元素以及“封神榜”世界观等的叙事模式，也与海外观众的叙事习惯存在文化鸿沟，一定程度上造成国漫在国际传播时出现“文化折扣”现象。
国漫“出海”，是跨文化视角下的重新解读。因此，翻译不符合当地语言习惯和文化特色、中文配音辅以英文字幕的形式，也会影响海外观众的理解和体验。《哪吒2》在互联网电影资料库（IMDB）网站评分已达8.3分，超越《阿凡达4》（7.9分）等好莱坞电影，但仍有不少外国网友表示：“看英文字幕，让我无法完全理解故事。”
加快人才培养、完善产业链
是当务之急
“当下，国漫市场应抽离票房狂欢，回归文化创作和产业发展本身，查漏补缺，精准发力，破局前进，为持续输出优质作品打下坚实基础。”王洪喆认为，加快编剧、导演、美术、特效等优秀动画人才培养，完善漫画、动漫、影视、游戏、文创IP孵化等产业链，是国漫发展的当务之急。
作为《哪吒2》六家联合制作方之一，成都千鸟文化传播有限公司早在2021年，便针对企业实际用人需求，在重庆市永川区设置了实训基地，为全国在校生免费进行动画设计和3D模型培训，持续开展人才培养储备计划。
成都千鸟文化传播有限公司重庆市永川区实训基地。科技日报记者 王姗姗 摄
“每期培训班时长在3—6个月，招生不局限于动画相关专业，也无学历限制，只要对动画感兴趣的学生都可报名。”实训基地负责人李艳磊告诉记者，学生通过培训考核后，可自主选择是否留在企业任职。“近4年来，已有约60名自主培养的人才入职企业，且参与到了《哪吒2》等重大项目制作中。”李艳磊说。
在技术创新和产业链完善方面，王洪喆建议，一方面，要加强动画制作软件的自主开发；另一方面，政府、企业、高校、专业机构、创作者以及相关动漫协会组织，应形成合力，提高原创IP开发水平，创新现代化叙事能力，强化投资、出品、发行、衍生品开发等上下游产业链的联动合作。
面对国漫“出海”的跨文化传播困局，李啸洋认为应秉持“根植本土又面向世界”的创作理念，以国际化视角挖掘爱、成长、自然等人类共通情感故事，再搭载有着中国文化价值观的叙事模式，最终实现人类命运共同体的全球化语境表达。
“国漫要形成海内外共振效应，还应在发行渠道拓展、差异化宣发、寻求中外合作等方面发力。”王波认为，随着网络媒体的崛起，除院线上映路径外，国产动画电影还应主动寻求与Netflix等海外流媒体平台的合作机会，积极参加国际电影节或动漫展，借助新媒体社群粉丝网络，形成差异化、精准化的传播矩阵。“甚至可以在目标推广国建立本土化的网络渠道，真正将文化互补的理念渗透到营销全过程，推动国漫市场转型升级。”他说。
记者手记：
百年国漫，何以为势
随着《哪吒之魔童闹海》（以下简称《哪吒2》）陆续在美国、加拿大、新西兰、斐济等国家正式上映，国人开始关注其在海外市场的表现。
中国动画可追溯至20世纪20年代。自诞生之日起，万氏兄弟等一代代先驱，便不断探索具有中国特色的动画发展道路。1941年，中国首部动画长片《铁扇公主》问世。随后，《神笔》《小蝌蚪找妈妈》《大闹天宫》等作品，以传统水墨风格加经典名著改编的特色，逐步在世界上形成了独树一帜的“中国学派”。
但从20世纪90年代开始，“中国学派”陷入了发展停滞，而美国、日本动画产业却快速发展并形成了全球垄断之势。
21世纪以来，一批敢于创新的中国动画企业和创作者“觉醒”，逐渐从世界加工厂转变为原创内容生产者。他们延续了“中国学派”的民族主义风格，从传统文化中汲取创作养分。国家相关部门也出台了多项助力动画产业发展的政策举措，大力扶持彰显中华民族精神和东方美学风格动画电影作品，持续为“国漫崛起”注入强心剂。
2015年，《西游记之大圣归来》爆火出圈，打破了国产动画近30年的沉寂。随后，《白蛇：缘起》《姜子牙》《新神榜：哪吒重生》《哪吒2》等动画电影如雨后春笋般涌现，“熊出没”系列、《罗小黑战记》等原创IP动画电影，也在海外市场创造了出色成绩。
湖南极也视界文化艺术有限公司参与了《哪吒2》中十二金仙等多种3D建模制作。该公司CEO满磊告诉记者，公司成立4年来，有近一半的时间放在了《哪吒2》的制作上。“得益于头部爆款作品的带动，我们这样的初创型动画企业有了更多发展机会。”满磊说。
2020年，“00后”大学生公治皓，看准国漫市场的快速发展，决定创业从事国漫IP衍生品孵化。他告诉记者：“期待能有更多青年人成为国漫发展助推者，推动国漫市场向动画、漫画、游戏等产业链集合发展迈进。”
国漫作为一种特殊的文化产品，自然而然被赋予了传播国家形象、讲好中国故事的新使命。因此，当我们谈“国漫崛起”时，要以全球视野思考这一命题。或许，当国外的儿童也看着中国动画长大时，重现中国动画辉煌和“国漫崛起”，才真正有了现实意义。
最近，《哪吒2》可以说是火遍全球了！上映后不仅连续4天蝉联中国香港单日票房榜首，连美国洛杉矶的首映礼都座无虚席，纽约、悉尼等地的影院部分场次预售票更是提前一周就被抢光了！这波热度可以说是相当惊人了。与此同时，'哪吒热'还带动了衍生品市场的疯狂，工厂都快被'吒'疯了，加班加点生产都供不应求。这么火的IP，到底是怎么炼成的呢？
要说国产IP的成功，可不仅仅是运气好。从《哪吒2》到《黑神话：悟空》，再到《三体》，这些现象级作品的背后，都离不开对传统文化的深刻理解和创新表达。比如《哪吒2》中的'削骨还父'情节，就让无数观众泪目，这种对传统文化的现代化演绎，无疑是IP成功的关键。而《黑神话：悟空》则用顶尖的技术和精良的制作，向世界展示了中国游戏工业的强大实力。
但IP的成功，从来都不是一蹴而就的。以'哪吒'系列为例，它的成功离不开对传统文化的深耕和对市场需求的精准把握。而《三体》的成功，则是建立在对科幻文化长期积累和深入思考的基础上。这些案例告诉我们，打造成功的IP，需要的不仅是灵感，更是时间的积累和不断的打磨。
说到IP的商业化，'哪吒'系列也给我们带来了不少启示。除了票房收入，衍生品的销售、点播收入以及广告等多元化的商业模式，都为IP的商业化提供了强大的支撑。比如，'跟着电影游德州'就成为了今年春节的文旅热点，影视为文旅赋能，推动了'唐探'IP向实景化延伸。这种多元化的商业策略，不仅延长了IP的生命周期，也为相关企业带来了更多的商业机会。
但IP的打造，从来都不是一个简单的过程。爆款IP的诞生，需要从内容创作、版权运营到多元开发的协同发力。这就需要我们不仅要有好的创意，还要有好的运营团队，更要有好的市场策略。只有这样才能让IP从爆款走向长红。
最后，我们不得不提到国产IP的未来。随着网文、影视、游戏成为我国文化出海的'新三强'，打造更多引发世界关注的头部IP，已经成为我们的必答题。期待未来能有更多像《哪吒2》这样的优秀作品，让国产IP在世界舞台上掀起更大的文化浪潮！
AI太神奇了！上传照片，AI帮你5秒生成动漫头像，超多风格可选，前100名免费体验 → https://ai.sohu.com/pc/tool/cartoonFace?trans=030001_jdaidmtx44
·
展开全文
简单四步，轻松制作头像，保姆级教程来啦：
第一步：在电脑或手机浏览器中打开简单AI，或者在微信小程序搜索【简单AI】。在左侧导航栏选择"AI绘图"中的"图片生成图片"，在"选择画什么"模块选择"动漫头像"。
第二步：你在【上传参考图】这里你可以点击或拖拽上传参考图。
第三步：选择画面风格、生成比例及生成数量，点击“生成图片”，一键生成属于你的头像！
第四步：点击下载图标，就可以免费下载啦。如果需要抠图换背景，可以使用简单AI的【绘图工具-AI抠图功能】哦~
最后，是个小彩蛋，这个工具目前是【免费】的，新用户会获得30积分新手礼，相比市面上动不动就收费几百的的AI工具，性价比直接拉满！关键是操作简单，不需要下载软件，打开就能用，非常适合小白用户。
简单AI还有不少实用的AI功能，不仅可以一键生成创意美图，还能三步写出爆款文章，网站提供生成自媒体配图、创意海报、种草笔记、爆款标题、活动方案、AI商品图及AI证件照等多项AI创作功能。快来试试吧！

2025-03-04 21:04:48,651 - 哪吒2爆火后，国漫IP能否构建自己的“漫威宇宙”_20250304210427 - INFO - Event: === STEP 1: RETRIEVAL ===
Searching for: 哪吒2爆火后，国漫IP能否构建自己的“漫威宇宙”-引言：《哪吒2》的市场表现与文化影响

Retrieved Context: 
转自：千龙网
《哪吒之魔童闹海》（以下简称《哪吒2》）自上映以来，票房一路高歌猛进，以拔节之势助推“国漫崛起”话题成为全民讨论热点。
从2015年上映的《西游记之大圣归来》（以下简称《大圣归来》）打破国产动画近30年的沉寂，到耗时12年制作而成的极具东方美学风格动画电影《大鱼海棠》；从“熊出没”系列原创动画IP走红，到《哪吒2》全球票房（含预售及海外）突破139亿元，位列全球电影榜第八位……10年来，口碑、票房双丰收的国产动漫市场正以势不可挡之态，向打破好莱坞对全球票房长期垄断这一目标挺进。
电影《哪吒之魔童闹海》中的哪吒形象。电影《哪吒之魔童闹海》官方微博供图
伴随着国产动画电影的爆火，“国漫崛起”的话题进入大众视野。不过，票房的成功并不代表国漫整体水平的跃升。从美国、日本等国的动漫行业发展历程来看，处于“单点爆发”阶段的国漫要实现“全球深耕”，仍有很长的路要走。
“人们谈‘国漫崛起’时，往往关注的是信心、希望和未来等问题，事实上，还应正视‘崛起’背后仍旧存在制作软件自主开发能力弱、产业链不完善、复合型人才缺乏、跨文化传播动力不足等发展困境，以及对破局之道的持续探索。”2月20日，北京大学新闻与传播学院长聘副教授王洪喆接受科技日报记者采访时表示。
“传统文化+现代叙事”
助国漫突围
齐刘海、烟熏妆的丑萌哪吒形象，有关成长、逆袭等引发观众情感共鸣的剧情设计，幽默诙谐的方言大集合……随着《哪吒2》票房屡创新高，观众对其爆火原因的讨论也不断延伸。
“可以说，《哪吒2》的爆火有着必然性。”武汉两点十分文化传播有限公司创始人兼CEO王世勇说。该公司深耕游戏CG动画宣传片及原创动画制作17年，深度参与了“哪吒”系列动画电影制作。王世勇告诉记者，近年来爆火的国产动画电影有三方面的共性：取材于中国神话故事或民间传说、颠覆式的人物设计和剧本创作、先进数字动画技术的加持。
从《大圣归来》《白蛇：缘起》《姜子牙》《新神榜：哪吒重生》以及《哪吒2》等动画电影的表现来看，以《西游记》《白蛇传》《封神演义》等古典文学作品和神话故事为创作之源，成了国产动画电影票房、口碑的保证。大众熟知的剧情故事和人物，再加上丑帅孙悟空、工装“青蛇”、黑眼圈哪吒等人物的创新改编，戏曲、水墨画等文化元素的凸显，观众的心理预期被大大满足，自发参与到电影的口碑营销中，助推票房逆袭。
网络游戏《梦三国2》中的吕布形象。杭州电魂网络科技股份有限公司供图
在保利文化集团股份有限公司（以下简称“保利文化”）党委书记、董事长王波看来，中华文明上下五千年的文化积淀，是“国漫崛起”得天独厚的优势资源。因此，开发具有中华民族特色的IP，是国漫发展顺势而为的本能表现。
王波介绍，以《铁扇公主》《哪吒闹海》等为代表的早期国产动画电影，便是深耕中华优秀传统文化的成功探索。进入21世纪以来，随着大众对国漫消费需求的增长，国漫市场迎来发展新机遇，越来越多的企业延续早期国产动画的发展路径，以“传统文化+现代叙事”的创作模式破圈突围。
科技赋能
“国漫崛起”态势全面形成
通过VR技术预先构建天宫场景；自主研发全球首个“动态水墨渲染引擎”技术，完成中国传统水墨画意境的数字化表达视效……在《哪吒2》中，全国138家动画制作公司合力打造的兼具东方美学意境和现代科技感的震撼特效场景，又一次向世界彰显“国漫崛起”背后，我国文化软实力与电影科技硬实力的深度融合。
“国产动画电影制作水平和综合技术的应用，在部分环节已经全球领先。”王世勇表示，《哪吒2》中成千上万的海妖身缠锁链激战的“海底炼狱”场景震惊了不少海内外观众，这得益于团队自主研发的群集动画软件Miarmy的助力。“该软件荣获美国第70届技术与工程艾美奖，现已服务多部动画电影的高精度场景与特效制作。”他说。
《哪吒2》片方曾向媒体透露，在制作前期，原本由国外顶尖动画团队制作的大部分特效场景因未达预期，遂换成了国内团队来制作，最终造就了此次国漫“大团结”的盛况。
北京什悦文化传播有限公司总导演张恬恬从事动画制作已有10余年，见证了国产动画制作技术水平的跃升。她坦言，近年来，随着实时渲染、合成图层等数字动画技术的发展，以及VR/AR、人工智能等前沿技术的融入，国产动画制作逐渐趋于数字化和虚拟化，已经实现了从传统手绘到智能工业化的跨越。
在《大圣归来》中，逼真的角色毛发系统还原、流体物理动力学解算和动画角色流畅行为，给观众以沉浸式的视觉体验；制作团队以好莱坞企业约1/10的成本、1/3的人员数量完成了可与其品质媲美的动画电影《新神榜：杨戬》；《海贼王》《葬送的芙莉莲》等动画作品中，由国内动画制作团队负责的画面流畅自然、张力十足，受到国外观众好评……科技赋能，国漫迎来了飞跃发展期，除动画电影外，网络文学、漫画、动漫、游戏、文创衍生品等产业也迎来“觉醒时刻”，“国漫崛起”态势全面形成。
作为国务院国资委序列中以文化艺术经营为主业的央企，保利文化早早构建起了从内容制作、发行到放映的全产业链，推动了“熊出没”系列电影的出品发行，打造了游戏《黑神话：悟空》数字IP与交响乐结合的跨界音乐会。
保利文化集团股份有限公司提供
自2005年起，浙江省杭州市便开始布局发展动漫游戏产业，率先在全国出台鼓励和扶持动漫游戏产业发展的有关政策举措，持续打造“动漫之都”。据杭州市文化创意产业发展中心相关负责人表示，从2006年开始，中国国际动漫节固定落户杭州。近年来，杭州孵化了国内首款3A游戏《黑神话：悟空》及系列动画作品，成为了“国漫崛起”中的一股强劲力量。
警惕内容同质化、“内卷式”竞争
“为中华优秀传统文化IP屡屡翻新、破壁欣喜之余，也要警惕国漫市场存在的创作内容同质化、原创动力不足等问题。”浙江大学文学院教授、影视与动漫游戏研究中心主任盘剑告诉记者，当前大部分国漫作品局限于“封神演义”“西游记”等公共IP题材的“安全范围”内，优质原创IP极为缺乏。
盘剑表示，随着《大圣归来》《姜子牙》、“新神榜”系列及“哪吒”系列等爆款国产动画电影出圈，国漫“封神宇宙”逐步形成，且有着对标美漫“漫威宇宙”之势。但由于“封神宇宙”属于公共IP，即任何团队都可围绕此IP制作有着相近时代背景却缺乏联动的系列作品。因此，很难形成像“漫威宇宙”的完整故事世界，不仅导致观众审美疲劳，还易造成国漫“内卷式”竞争。
3D武侠动画连续剧《秦时明月》。杭州玄机科技股份有限公司供图
在制作技术方面，盘剑认为，国产动画对先进数字技术的应用已相对成熟，但对动画引擎和制作软件的自主开发能力仍很欠缺。部分发达国家会为了一部新影片开发一套新软件，达到新的视觉效果，而我国在这方面的创新意识仍然不够。此外，游戏、动画等产业发展不平衡，部分企业制作大量劣质动画作品挤压优秀作品推广、变现空间，既懂专业技术又有审美创意的复合型的动漫人才缺乏等，也都阻碍了国漫市场健康发展。
在国内市场困境未破的同时，国漫“出海”也壁垒重重。
北京电影学院电影学系副教授李啸洋告诉记者，国漫作品是基于特定文化与历史语境变化的文化产品，具有历史性、现代性。但由于文化差异、海外发行和营销薄弱、翻译质量不高等因素，在国内爆火的部分国产动画电影在海外市场的票房表现却不尽如人意，“国漫”跨文化传播实践效果并不理想。
李啸洋进一步解释道，《大圣归来》中“二郎神真的有三只眼睛吗”等台词设定的笑点，未能给海外观众留下记忆；国产动画电影中常见的混天绫、乾坤圈等热门元素以及“封神榜”世界观等的叙事模式，也与海外观众的叙事习惯存在文化鸿沟，一定程度上造成国漫在国际传播时出现“文化折扣”现象。
国漫“出海”，是跨文化视角下的重新解读。因此，翻译不符合当地语言习惯和文化特色、中文配音辅以英文字幕的形式，也会影响海外观众的理解和体验。《哪吒2》在互联网电影资料库（IMDB）网站评分已达8.3分，超越《阿凡达4》（7.9分）等好莱坞电影，但仍有不少外国网友表示：“看英文字幕，让我无法完全理解故事。”
加快人才培养、完善产业链
是当务之急
“当下，国漫市场应抽离票房狂欢，回归文化创作和产业发展本身，查漏补缺，精准发力，破局前进，为持续输出优质作品打下坚实基础。”王洪喆认为，加快编剧、导演、美术、特效等优秀动画人才培养，完善漫画、动漫、影视、游戏、文创IP孵化等产业链，是国漫发展的当务之急。
作为《哪吒2》六家联合制作方之一，成都千鸟文化传播有限公司早在2021年，便针对企业实际用人需求，在重庆市永川区设置了实训基地，为全国在校生免费进行动画设计和3D模型培训，持续开展人才培养储备计划。
成都千鸟文化传播有限公司重庆市永川区实训基地。科技日报记者 王姗姗 摄
“每期培训班时长在3—6个月，招生不局限于动画相关专业，也无学历限制，只要对动画感兴趣的学生都可报名。”实训基地负责人李艳磊告诉记者，学生通过培训考核后，可自主选择是否留在企业任职。“近4年来，已有约60名自主培养的人才入职企业，且参与到了《哪吒2》等重大项目制作中。”李艳磊说。
在技术创新和产业链完善方面，王洪喆建议，一方面，要加强动画制作软件的自主开发；另一方面，政府、企业、高校、专业机构、创作者以及相关动漫协会组织，应形成合力，提高原创IP开发水平，创新现代化叙事能力，强化投资、出品、发行、衍生品开发等上下游产业链的联动合作。
面对国漫“出海”的跨文化传播困局，李啸洋认为应秉持“根植本土又面向世界”的创作理念，以国际化视角挖掘爱、成长、自然等人类共通情感故事，再搭载有着中国文化价值观的叙事模式，最终实现人类命运共同体的全球化语境表达。
“国漫要形成海内外共振效应，还应在发行渠道拓展、差异化宣发、寻求中外合作等方面发力。”王波认为，随着网络媒体的崛起，除院线上映路径外，国产动画电影还应主动寻求与Netflix等海外流媒体平台的合作机会，积极参加国际电影节或动漫展，借助新媒体社群粉丝网络，形成差异化、精准化的传播矩阵。“甚至可以在目标推广国建立本土化的网络渠道，真正将文化互补的理念渗透到营销全过程，推动国漫市场转型升级。”他说。
记者手记：
百年国漫，何以为势
随着《哪吒之魔童闹海》（以下简称《哪吒2》）陆续在美国、加拿大、新西兰、斐济等国家正式上映，国人开始关注其在海外市场的表现。
中国动画可追溯至20世纪20年代。自诞生之日起，万氏兄弟等一代代先驱，便不断探索具有中国特色的动画发展道路。1941年，中国首部动画长片《铁扇公主》问世。随后，《神笔》《小蝌蚪找妈妈》《大闹天宫》等作品，以传统水墨风格加经典名著改编的特色，逐步在世界上形成了独树一帜的“中国学派”。
但从20世纪90年代开始，“中国学派”陷入了发展停滞，而美国、日本动画产业却快速发展并形成了全球垄断之势。
21世纪以来，一批敢于创新的中国动画企业和创作者“觉醒”，逐渐从世界加工厂转变为原创内容生产者。他们延续了“中国学派”的民族主义风格，从传统文化中汲取创作养分。国家相关部门也出台了多项助力动画产业发展的政策举措，大力扶持彰显中华民族精神和东方美学风格动画电影作品，持续为“国漫崛起”注入强心剂。
2015年，《西游记之大圣归来》爆火出圈，打破了国产动画近30年的沉寂。随后，《白蛇：缘起》《姜子牙》《新神榜：哪吒重生》《哪吒2》等动画电影如雨后春笋般涌现，“熊出没”系列、《罗小黑战记》等原创IP动画电影，也在海外市场创造了出色成绩。
湖南极也视界文化艺术有限公司参与了《哪吒2》中十二金仙等多种3D建模制作。该公司CEO满磊告诉记者，公司成立4年来，有近一半的时间放在了《哪吒2》的制作上。“得益于头部爆款作品的带动，我们这样的初创型动画企业有了更多发展机会。”满磊说。
2020年，“00后”大学生公治皓，看准国漫市场的快速发展，决定创业从事国漫IP衍生品孵化。他告诉记者：“期待能有更多青年人成为国漫发展助推者，推动国漫市场向动画、漫画、游戏等产业链集合发展迈进。”
国漫作为一种特殊的文化产品，自然而然被赋予了传播国家形象、讲好中国故事的新使命。因此，当我们谈“国漫崛起”时，要以全球视野思考这一命题。或许，当国外的儿童也看着中国动画长大时，重现中国动画辉煌和“国漫崛起”，才真正有了现实意义。
最近，《哪吒2》可以说是火遍全球了！上映后不仅连续4天蝉联中国香港单日票房榜首，连美国洛杉矶的首映礼都座无虚席，纽约、悉尼等地的影院部分场次预售票更是提前一周就被抢光了！这波热度可以说是相当惊人了。与此同时，'哪吒热'还带动了衍生品市场的疯狂，工厂都快被'吒'疯了，加班加点生产都供不应求。这么火的IP，到底是怎么炼成的呢？
要说国产IP的成功，可不仅仅是运气好。从《哪吒2》到《黑神话：悟空》，再到《三体》，这些现象级作品的背后，都离不开对传统文化的深刻理解和创新表达。比如《哪吒2》中的'削骨还父'情节，就让无数观众泪目，这种对传统文化的现代化演绎，无疑是IP成功的关键。而《黑神话：悟空》则用顶尖的技术和精良的制作，向世界展示了中国游戏工业的强大实力。
但IP的成功，从来都不是一蹴而就的。以'哪吒'系列为例，它的成功离不开对传统文化的深耕和对市场需求的精准把握。而《三体》的成功，则是建立在对科幻文化长期积累和深入思考的基础上。这些案例告诉我们，打造成功的IP，需要的不仅是灵感，更是时间的积累和不断的打磨。
说到IP的商业化，'哪吒'系列也给我们带来了不少启示。除了票房收入，衍生品的销售、点播收入以及广告等多元化的商业模式，都为IP的商业化提供了强大的支撑。比如，'跟着电影游德州'就成为了今年春节的文旅热点，影视为文旅赋能，推动了'唐探'IP向实景化延伸。这种多元化的商业策略，不仅延长了IP的生命周期，也为相关企业带来了更多的商业机会。
但IP的打造，从来都不是一个简单的过程。爆款IP的诞生，需要从内容创作、版权运营到多元开发的协同发力。这就需要我们不仅要有好的创意，还要有好的运营团队，更要有好的市场策略。只有这样才能让IP从爆款走向长红。
最后，我们不得不提到国产IP的未来。随着网文、影视、游戏成为我国文化出海的'新三强'，打造更多引发世界关注的头部IP，已经成为我们的必答题。期待未来能有更多像《哪吒2》这样的优秀作品，让国产IP在世界舞台上掀起更大的文化浪潮！
AI太神奇了！上传照片，AI帮你5秒生成动漫头像，超多风格可选，前100名免费体验 → https://ai.sohu.com/pc/tool/cartoonFace?trans=030001_jdaidmtx44
·
展开全文
简单四步，轻松制作头像，保姆级教程来啦：
第一步：在电脑或手机浏览器中打开简单AI，或者在微信小程序搜索【简单AI】。在左侧导航栏选择"AI绘图"中的"图片生成图片"，在"选择画什么"模块选择"动漫头像"。
第二步：你在【上传参考图】这里你可以点击或拖拽上传参考图。
第三步：选择画面风格、生成比例及生成数量，点击“生成图片”，一键生成属于你的头像！
第四步：点击下载图标，就可以免费下载啦。如果需要抠图换背景，可以使用简单AI的【绘图工具-AI抠图功能】哦~
最后，是个小彩蛋，这个工具目前是【免费】的，新用户会获得30积分新手礼，相比市面上动不动就收费几百的的AI工具，性价比直接拉满！关键是操作简单，不需要下载软件，打开就能用，非常适合小白用户。
简单AI还有不少实用的AI功能，不仅可以一键生成创意美图，还能三步写出爆款文章，网站提供生成自媒体配图、创意海报、种草笔记、爆款标题、活动方案、AI商品图及AI证件照等多项AI创作功能。快来试试吧！

2025-03-04 21:04:48,809 - 哪吒2爆火后，国漫IP能否构建自己的“漫威宇宙”_20250304210427 - INFO - Event: === STEP 1: RETRIEVAL ===
Searching for: 哪吒2爆火后，国漫IP能否构建自己的“漫威宇宙”-结论：国漫IP“宇宙化”的未来路径展望

Retrieved Context: 
转自：千龙网
《哪吒之魔童闹海》（以下简称《哪吒2》）自上映以来，票房一路高歌猛进，以拔节之势助推“国漫崛起”话题成为全民讨论热点。
从2015年上映的《西游记之大圣归来》（以下简称《大圣归来》）打破国产动画近30年的沉寂，到耗时12年制作而成的极具东方美学风格动画电影《大鱼海棠》；从“熊出没”系列原创动画IP走红，到《哪吒2》全球票房（含预售及海外）突破139亿元，位列全球电影榜第八位……10年来，口碑、票房双丰收的国产动漫市场正以势不可挡之态，向打破好莱坞对全球票房长期垄断这一目标挺进。
电影《哪吒之魔童闹海》中的哪吒形象。电影《哪吒之魔童闹海》官方微博供图
伴随着国产动画电影的爆火，“国漫崛起”的话题进入大众视野。不过，票房的成功并不代表国漫整体水平的跃升。从美国、日本等国的动漫行业发展历程来看，处于“单点爆发”阶段的国漫要实现“全球深耕”，仍有很长的路要走。
“人们谈‘国漫崛起’时，往往关注的是信心、希望和未来等问题，事实上，还应正视‘崛起’背后仍旧存在制作软件自主开发能力弱、产业链不完善、复合型人才缺乏、跨文化传播动力不足等发展困境，以及对破局之道的持续探索。”2月20日，北京大学新闻与传播学院长聘副教授王洪喆接受科技日报记者采访时表示。
“传统文化+现代叙事”
助国漫突围
齐刘海、烟熏妆的丑萌哪吒形象，有关成长、逆袭等引发观众情感共鸣的剧情设计，幽默诙谐的方言大集合……随着《哪吒2》票房屡创新高，观众对其爆火原因的讨论也不断延伸。
“可以说，《哪吒2》的爆火有着必然性。”武汉两点十分文化传播有限公司创始人兼CEO王世勇说。该公司深耕游戏CG动画宣传片及原创动画制作17年，深度参与了“哪吒”系列动画电影制作。王世勇告诉记者，近年来爆火的国产动画电影有三方面的共性：取材于中国神话故事或民间传说、颠覆式的人物设计和剧本创作、先进数字动画技术的加持。
从《大圣归来》《白蛇：缘起》《姜子牙》《新神榜：哪吒重生》以及《哪吒2》等动画电影的表现来看，以《西游记》《白蛇传》《封神演义》等古典文学作品和神话故事为创作之源，成了国产动画电影票房、口碑的保证。大众熟知的剧情故事和人物，再加上丑帅孙悟空、工装“青蛇”、黑眼圈哪吒等人物的创新改编，戏曲、水墨画等文化元素的凸显，观众的心理预期被大大满足，自发参与到电影的口碑营销中，助推票房逆袭。
网络游戏《梦三国2》中的吕布形象。杭州电魂网络科技股份有限公司供图
在保利文化集团股份有限公司（以下简称“保利文化”）党委书记、董事长王波看来，中华文明上下五千年的文化积淀，是“国漫崛起”得天独厚的优势资源。因此，开发具有中华民族特色的IP，是国漫发展顺势而为的本能表现。
王波介绍，以《铁扇公主》《哪吒闹海》等为代表的早期国产动画电影，便是深耕中华优秀传统文化的成功探索。进入21世纪以来，随着大众对国漫消费需求的增长，国漫市场迎来发展新机遇，越来越多的企业延续早期国产动画的发展路径，以“传统文化+现代叙事”的创作模式破圈突围。
科技赋能
“国漫崛起”态势全面形成
通过VR技术预先构建天宫场景；自主研发全球首个“动态水墨渲染引擎”技术，完成中国传统水墨画意境的数字化表达视效……在《哪吒2》中，全国138家动画制作公司合力打造的兼具东方美学意境和现代科技感的震撼特效场景，又一次向世界彰显“国漫崛起”背后，我国文化软实力与电影科技硬实力的深度融合。
“国产动画电影制作水平和综合技术的应用，在部分环节已经全球领先。”王世勇表示，《哪吒2》中成千上万的海妖身缠锁链激战的“海底炼狱”场景震惊了不少海内外观众，这得益于团队自主研发的群集动画软件Miarmy的助力。“该软件荣获美国第70届技术与工程艾美奖，现已服务多部动画电影的高精度场景与特效制作。”他说。
《哪吒2》片方曾向媒体透露，在制作前期，原本由国外顶尖动画团队制作的大部分特效场景因未达预期，遂换成了国内团队来制作，最终造就了此次国漫“大团结”的盛况。
北京什悦文化传播有限公司总导演张恬恬从事动画制作已有10余年，见证了国产动画制作技术水平的跃升。她坦言，近年来，随着实时渲染、合成图层等数字动画技术的发展，以及VR/AR、人工智能等前沿技术的融入，国产动画制作逐渐趋于数字化和虚拟化，已经实现了从传统手绘到智能工业化的跨越。
在《大圣归来》中，逼真的角色毛发系统还原、流体物理动力学解算和动画角色流畅行为，给观众以沉浸式的视觉体验；制作团队以好莱坞企业约1/10的成本、1/3的人员数量完成了可与其品质媲美的动画电影《新神榜：杨戬》；《海贼王》《葬送的芙莉莲》等动画作品中，由国内动画制作团队负责的画面流畅自然、张力十足，受到国外观众好评……科技赋能，国漫迎来了飞跃发展期，除动画电影外，网络文学、漫画、动漫、游戏、文创衍生品等产业也迎来“觉醒时刻”，“国漫崛起”态势全面形成。
作为国务院国资委序列中以文化艺术经营为主业的央企，保利文化早早构建起了从内容制作、发行到放映的全产业链，推动了“熊出没”系列电影的出品发行，打造了游戏《黑神话：悟空》数字IP与交响乐结合的跨界音乐会。
保利文化集团股份有限公司提供
自2005年起，浙江省杭州市便开始布局发展动漫游戏产业，率先在全国出台鼓励和扶持动漫游戏产业发展的有关政策举措，持续打造“动漫之都”。据杭州市文化创意产业发展中心相关负责人表示，从2006年开始，中国国际动漫节固定落户杭州。近年来，杭州孵化了国内首款3A游戏《黑神话：悟空》及系列动画作品，成为了“国漫崛起”中的一股强劲力量。
警惕内容同质化、“内卷式”竞争
“为中华优秀传统文化IP屡屡翻新、破壁欣喜之余，也要警惕国漫市场存在的创作内容同质化、原创动力不足等问题。”浙江大学文学院教授、影视与动漫游戏研究中心主任盘剑告诉记者，当前大部分国漫作品局限于“封神演义”“西游记”等公共IP题材的“安全范围”内，优质原创IP极为缺乏。
盘剑表示，随着《大圣归来》《姜子牙》、“新神榜”系列及“哪吒”系列等爆款国产动画电影出圈，国漫“封神宇宙”逐步形成，且有着对标美漫“漫威宇宙”之势。但由于“封神宇宙”属于公共IP，即任何团队都可围绕此IP制作有着相近时代背景却缺乏联动的系列作品。因此，很难形成像“漫威宇宙”的完整故事世界，不仅导致观众审美疲劳，还易造成国漫“内卷式”竞争。
3D武侠动画连续剧《秦时明月》。杭州玄机科技股份有限公司供图
在制作技术方面，盘剑认为，国产动画对先进数字技术的应用已相对成熟，但对动画引擎和制作软件的自主开发能力仍很欠缺。部分发达国家会为了一部新影片开发一套新软件，达到新的视觉效果，而我国在这方面的创新意识仍然不够。此外，游戏、动画等产业发展不平衡，部分企业制作大量劣质动画作品挤压优秀作品推广、变现空间，既懂专业技术又有审美创意的复合型的动漫人才缺乏等，也都阻碍了国漫市场健康发展。
在国内市场困境未破的同时，国漫“出海”也壁垒重重。
北京电影学院电影学系副教授李啸洋告诉记者，国漫作品是基于特定文化与历史语境变化的文化产品，具有历史性、现代性。但由于文化差异、海外发行和营销薄弱、翻译质量不高等因素，在国内爆火的部分国产动画电影在海外市场的票房表现却不尽如人意，“国漫”跨文化传播实践效果并不理想。
李啸洋进一步解释道，《大圣归来》中“二郎神真的有三只眼睛吗”等台词设定的笑点，未能给海外观众留下记忆；国产动画电影中常见的混天绫、乾坤圈等热门元素以及“封神榜”世界观等的叙事模式，也与海外观众的叙事习惯存在文化鸿沟，一定程度上造成国漫在国际传播时出现“文化折扣”现象。
国漫“出海”，是跨文化视角下的重新解读。因此，翻译不符合当地语言习惯和文化特色、中文配音辅以英文字幕的形式，也会影响海外观众的理解和体验。《哪吒2》在互联网电影资料库（IMDB）网站评分已达8.3分，超越《阿凡达4》（7.9分）等好莱坞电影，但仍有不少外国网友表示：“看英文字幕，让我无法完全理解故事。”
加快人才培养、完善产业链
是当务之急
“当下，国漫市场应抽离票房狂欢，回归文化创作和产业发展本身，查漏补缺，精准发力，破局前进，为持续输出优质作品打下坚实基础。”王洪喆认为，加快编剧、导演、美术、特效等优秀动画人才培养，完善漫画、动漫、影视、游戏、文创IP孵化等产业链，是国漫发展的当务之急。
作为《哪吒2》六家联合制作方之一，成都千鸟文化传播有限公司早在2021年，便针对企业实际用人需求，在重庆市永川区设置了实训基地，为全国在校生免费进行动画设计和3D模型培训，持续开展人才培养储备计划。
成都千鸟文化传播有限公司重庆市永川区实训基地。科技日报记者 王姗姗 摄
“每期培训班时长在3—6个月，招生不局限于动画相关专业，也无学历限制，只要对动画感兴趣的学生都可报名。”实训基地负责人李艳磊告诉记者，学生通过培训考核后，可自主选择是否留在企业任职。“近4年来，已有约60名自主培养的人才入职企业，且参与到了《哪吒2》等重大项目制作中。”李艳磊说。
在技术创新和产业链完善方面，王洪喆建议，一方面，要加强动画制作软件的自主开发；另一方面，政府、企业、高校、专业机构、创作者以及相关动漫协会组织，应形成合力，提高原创IP开发水平，创新现代化叙事能力，强化投资、出品、发行、衍生品开发等上下游产业链的联动合作。
面对国漫“出海”的跨文化传播困局，李啸洋认为应秉持“根植本土又面向世界”的创作理念，以国际化视角挖掘爱、成长、自然等人类共通情感故事，再搭载有着中国文化价值观的叙事模式，最终实现人类命运共同体的全球化语境表达。
“国漫要形成海内外共振效应，还应在发行渠道拓展、差异化宣发、寻求中外合作等方面发力。”王波认为，随着网络媒体的崛起，除院线上映路径外，国产动画电影还应主动寻求与Netflix等海外流媒体平台的合作机会，积极参加国际电影节或动漫展，借助新媒体社群粉丝网络，形成差异化、精准化的传播矩阵。“甚至可以在目标推广国建立本土化的网络渠道，真正将文化互补的理念渗透到营销全过程，推动国漫市场转型升级。”他说。
记者手记：
百年国漫，何以为势
随着《哪吒之魔童闹海》（以下简称《哪吒2》）陆续在美国、加拿大、新西兰、斐济等国家正式上映，国人开始关注其在海外市场的表现。
中国动画可追溯至20世纪20年代。自诞生之日起，万氏兄弟等一代代先驱，便不断探索具有中国特色的动画发展道路。1941年，中国首部动画长片《铁扇公主》问世。随后，《神笔》《小蝌蚪找妈妈》《大闹天宫》等作品，以传统水墨风格加经典名著改编的特色，逐步在世界上形成了独树一帜的“中国学派”。
但从20世纪90年代开始，“中国学派”陷入了发展停滞，而美国、日本动画产业却快速发展并形成了全球垄断之势。
21世纪以来，一批敢于创新的中国动画企业和创作者“觉醒”，逐渐从世界加工厂转变为原创内容生产者。他们延续了“中国学派”的民族主义风格，从传统文化中汲取创作养分。国家相关部门也出台了多项助力动画产业发展的政策举措，大力扶持彰显中华民族精神和东方美学风格动画电影作品，持续为“国漫崛起”注入强心剂。
2015年，《西游记之大圣归来》爆火出圈，打破了国产动画近30年的沉寂。随后，《白蛇：缘起》《姜子牙》《新神榜：哪吒重生》《哪吒2》等动画电影如雨后春笋般涌现，“熊出没”系列、《罗小黑战记》等原创IP动画电影，也在海外市场创造了出色成绩。
湖南极也视界文化艺术有限公司参与了《哪吒2》中十二金仙等多种3D建模制作。该公司CEO满磊告诉记者，公司成立4年来，有近一半的时间放在了《哪吒2》的制作上。“得益于头部爆款作品的带动，我们这样的初创型动画企业有了更多发展机会。”满磊说。
2020年，“00后”大学生公治皓，看准国漫市场的快速发展，决定创业从事国漫IP衍生品孵化。他告诉记者：“期待能有更多青年人成为国漫发展助推者，推动国漫市场向动画、漫画、游戏等产业链集合发展迈进。”
国漫作为一种特殊的文化产品，自然而然被赋予了传播国家形象、讲好中国故事的新使命。因此，当我们谈“国漫崛起”时，要以全球视野思考这一命题。或许，当国外的儿童也看着中国动画长大时，重现中国动画辉煌和“国漫崛起”，才真正有了现实意义。

最近，《哪吒2》可以说是火遍全球了！上映后不仅连续4天蝉联中国香港单日票房榜首，连美国洛杉矶的首映礼都座无虚席，纽约、悉尼等地的影院部分场次预售票更是提前一周就被抢光了！这波热度可以说是相当惊人了。与此同时，'哪吒热'还带动了衍生品市场的疯狂，工厂都快被'吒'疯了，加班加点生产都供不应求。这么火的IP，到底是怎么炼成的呢？
要说国产IP的成功，可不仅仅是运气好。从《哪吒2》到《黑神话：悟空》，再到《三体》，这些现象级作品的背后，都离不开对传统文化的深刻理解和创新表达。比如《哪吒2》中的'削骨还父'情节，就让无数观众泪目，这种对传统文化的现代化演绎，无疑是IP成功的关键。而《黑神话：悟空》则用顶尖的技术和精良的制作，向世界展示了中国游戏工业的强大实力。
但IP的成功，从来都不是一蹴而就的。以'哪吒'系列为例，它的成功离不开对传统文化的深耕和对市场需求的精准把握。而《三体》的成功，则是建立在对科幻文化长期积累和深入思考的基础上。这些案例告诉我们，打造成功的IP，需要的不仅是灵感，更是时间的积累和不断的打磨。
说到IP的商业化，'哪吒'系列也给我们带来了不少启示。除了票房收入，衍生品的销售、点播收入以及广告等多元化的商业模式，都为IP的商业化提供了强大的支撑。比如，'跟着电影游德州'就成为了今年春节的文旅热点，影视为文旅赋能，推动了'唐探'IP向实景化延伸。这种多元化的商业策略，不仅延长了IP的生命周期，也为相关企业带来了更多的商业机会。
但IP的打造，从来都不是一个简单的过程。爆款IP的诞生，需要从内容创作、版权运营到多元开发的协同发力。这就需要我们不仅要有好的创意，还要有好的运营团队，更要有好的市场策略。只有这样才能让IP从爆款走向长红。
最后，我们不得不提到国产IP的未来。随着网文、影视、游戏成为我国文化出海的'新三强'，打造更多引发世界关注的头部IP，已经成为我们的必答题。期待未来能有更多像《哪吒2》这样的优秀作品，让国产IP在世界舞台上掀起更大的文化浪潮！
AI太神奇了！上传照片，AI帮你5秒生成动漫头像，超多风格可选，前100名免费体验 → https://ai.sohu.com/pc/tool/cartoonFace?trans=030001_jdaidmtx44
·
展开全文
简单四步，轻松制作头像，保姆级教程来啦：
第一步：在电脑或手机浏览器中打开简单AI，或者在微信小程序搜索【简单AI】。在左侧导航栏选择"AI绘图"中的"图片生成图片"，在"选择画什么"模块选择"动漫头像"。
第二步：你在【上传参考图】这里你可以点击或拖拽上传参考图。
第三步：选择画面风格、生成比例及生成数量，点击“生成图片”，一键生成属于你的头像！
第四步：点击下载图标，就可以免费下载啦。如果需要抠图换背景，可以使用简单AI的【绘图工具-AI抠图功能】哦~
最后，是个小彩蛋，这个工具目前是【免费】的，新用户会获得30积分新手礼，相比市面上动不动就收费几百的的AI工具，性价比直接拉满！关键是操作简单，不需要下载软件，打开就能用，非常适合小白用户。
简单AI还有不少实用的AI功能，不仅可以一键生成创意美图，还能三步写出爆款文章，网站提供生成自媒体配图、创意海报、种草笔记、爆款标题、活动方案、AI商品图及AI证件照等多项AI创作功能。快来试试吧！
2025-03-04 21:04:51,053 - 哪吒2爆火后，国漫IP能否构建自己的“漫威宇宙”_20250304210427 - INFO - Event: === STEP 1: RETRIEVAL ===
Searching for: 哪吒2爆火后，国漫IP能否构建自己的“漫威宇宙”-产业链协同：从内容创作到商业化运营的整合

Retrieved Context: 


受经济基础变化、创作同质化等多种因素影响，美漫与日漫IP相继进入瓶颈期。国漫IP在文化输出上与前两者仍有差距，但称得上“明日可期”。
一者，中国影视游漫及网文等各大内容形态海外影响力日益提升，文化辐射效应将持续助力国漫IP的全球出圈；二者，国产剧的海外品牌效应正在成型。这一背景下，国漫联动IP改编真人剧，或将成为国漫IP区别于日漫IP的独特出海模式。
近日，海外一位知名Coser在比利时漫展上Cos了国漫IP改编剧集《异人之下》中的角色张灵玉，在漫展现场教蜘蛛侠和蝙蝠侠打太极。龙虎山弟子与海外“异人”同框着实打破了次元壁，也印证了国漫IP全球影响力的持续上升。
《异人之下》并非个例。2016年，以《从前有座灵剑山》为代表的动画剧集开始打入日本市场；2019年，《刺客伍六七》成为首部上线Netflix的原创国漫；2023年，中西超级英雄在漫展同框。
国漫复兴与海外输出的时间节点几近重合，可以说，国漫IP崛起之势在内亦在外。
内外力共同驱动的上行之势
回看近几年国漫IP的海外表现，2021年，日本电视动画销量TOP10中《魔道祖师》与《天官赐福》两部国漫上榜，2022年，《白蛇：缘起》《天官赐福》出现在了东京动画奖粉丝投票数TOP10榜单中。
国产动画电影中，《罗小黑战记》《新神榜：哪吒重生》先后在日本上映，其中《罗小黑战记》拿下了510万美元的票房（按上映年份汇率计算）。
2020年以前，日本为国漫IP输出主阵地，中国动画剧集出海后多数在日本电视台播出，2020年以后，越来越多的国漫走上全球化之路，借助Netflix拓展海外市场，如《刺客伍六七》《天宝伏妖录》《时光代理人》等都陆续登上了Netflix。
此外，《雾山五行》《灵笼》《镖人》等高分国漫在YouTube上也有着不错的讨论度。文化输出成功与否受很多因素影响，其中质量无疑是最关键的。
20世纪八九十年代，大批国外动漫IP随着改革开放浪潮被引进，受到冲击的国漫进入沉寂期，一直持续到了“国漫崛起”元年。但在那之前国漫也曾辉煌过，于伦敦国际电影节、卡罗维发利国际电影节等获奖的《大闹天宫》便是“以质服人”，不少海外博主称其为“惊人的杰作”、“超越时代的作品”。
近几年，国漫IP的进步有目共睹，一方面，《雾山五行》等作品的制作水准放眼全球都是顶尖级别，不过，此类高质量作品如今的产能并不乐观，而产能也是实力的一部分，这是国漫IP未来仍需继续努力的地方。
另一方面，题材多元化和价值内核深化都在不断提升国漫IP的全球竞争力，聚焦“何为人”主题的《异人之下》IMDb评分达到9.4分便是例证。
可以说，自“国漫崛起”口号喊响以来，国漫IP在“修炼内功”上从未止步，这在3D动画领域更能清晰感知。今年《沧元图》播出后，武打特效、画面渲染、人物建模与动作流畅度都受到了观众好评，这也是3D动画技术从量变到质变的缩影。
事实上，3D动画卷的不止是技术，也是文戏。《沧元图》8.2的豆瓣高分便源于对原作进行了大刀阔斧地改编，如丰富梅元知、晏烬、白贯等配角的人设，弱化男频IP的套路感等。
以上都可以归于国漫IP海外影响力上升的内力，至于外力，则是中国影视游漫以及网文各大内容形态在文化输出上的集体发力。
游戏领域，《原神》海外收入一度高过国内，游戏角色云堇、胡桃让海外玩家对中国戏曲文化、丧葬文化产生兴趣。网文领域，《天道图书馆》《盘龙》等武侠、修仙、无限流网文在海外都很受欢迎，海外网文平台WUXIAWorld日均点击量约500万。
影视领域，今年以来就有《流浪地球》《漫长的季节》《偷偷藏不住》等多部剧影被Netflix买下版权。出海剧集中，爱情题材近几年在国外市场的声量爆炸式增长，《偷偷藏不住》一则剪辑在TikTok上播放近千万，《当我飞奔向你》在海外出圈后，甚至还帮取景地青岛涨了一波热度。
可以说，国漫IP在海外的上行离不开其他内容形态产生的文化辐射效应，反之依然成立，参考美国文娱IP的全球输出便能理解。
以《权力的游戏》等为代表的美剧、以《指环王》等为代表的好莱坞电影、以《辛普森一家》等为代表的美国动画共同构成了文化输出矩阵，彼此之间相互导流，如今中国娱乐内容的海外输出同样如此。
“中国学派”的差异化竞争力
其实，对于“国漫IP海外影响力如何”这一问题，国内舆论是存在争议的，有人为国漫IP的文化输出开心，也有人认为国漫IP仍与巅峰时期的美漫、日漫IP有着较大差距。
这的确是客观事实，但或许今日我们更应关注的是“中西超级英雄同框”背后，国漫IP所展现出的潜力和可能性。毕竟从《大圣归来》至今国漫复兴不到十年时间，难敌历史悠久的日漫再正常不过。
Cos张灵玉的国外女孩，曾发文谈自己对角色的理解：“张灵玉看起来很坚强，但他内心深处隐藏着痛苦，他的成长历程、他面对心魔的方式都让我印象深刻。”
《异人之下》中，张灵玉的矛盾之处在于他是“装成自己期待的样子的人”，他有嫉妒心、有世俗欲望，但又羞于承认，因为对自身的要求是灵玉一般完美无瑕。对他来说，战胜心魔便是接纳真实自我、解放自我，途径则是“入世”。
客观来说，张灵玉的经历也可以被《千面英雄》里归纳的英雄成长历程概括，即启程、启蒙、考验、归来，他的蜕变之所以惊艳海外观众，在于“入世”背后蕴含的是纯正的东方道家文化。
没有入世的磨练便难有出世的超脱，是《异人之下》里“超级英雄”的命途，也是与美漫IP截然不同的思维体系。当下及未来，国漫IP在全球市场的差异化竞争力，就是从东方文化中提炼出的价值内核。
脱胎于本土文化的差异化特色也是日漫、美漫、韩漫IP身上的共性，如韩国商业漫画中热衷的“欲望满足”主题、如《咒术回战》中五条悟牺牲所折射的日漫对“前辈殉道”叙事的沉迷、如美漫中的强时代特征等。
目前仍处于复兴阶段的国漫IP，尚未形成非常明显的创作共性，也可以说这是国漫IP未陷入同质化困境的标志。但无疑，诸多头部国漫IP都是根植于东方文化背景的。
如《异人之下》中的道家文化、《镖人》中的侠客文化、《狐妖小红娘》里的中式爱情观等。某种程度上，这也是曾经动画行业“中国学派”创作风格的延续与变迁。
1950年之后，《乌鸦为什么是黑的》《小蝌蚪找妈妈》《大闹天宫》等动画开创了“中国学派”这一风格流派，其代表特征是对中国传统文化元素的广泛运用，大半个世纪过去后，“中国学派”经历了新一轮的现代化重构。
国漫IP《时光代理人》的人物形象、主题曲等都非常潮流化，但每个独立故事都立足于中国社会语境。“中国学派”的进化，对国漫IP的文化输出来说自然是益事。
如今，不少人看好未来国漫IP在海外市场的发展，也是基于国内外文娱产业的变局做出的判断。
在全球文娱产业中影响力最大的日漫与美漫IP当下都进入了瓶颈期，当然，日本动漫产业多年积淀下仍呈现出“瘦死的骆驼比马大”之势，近几年《进击的巨人》《鬼灭之刃》《间谍过家家》等日漫均是高质量作品。但泡沫经济时代结束后，日本动漫产业的下行从未中止。
再看国内动漫市场，此前B站与腾讯视频是两大主力军，近几年优酷与爱奇艺加速发力，这意味着国漫IP正在经历新一轮产业扩张。
主力视频平台纷纷入局，对国漫工业化体系与产业化运作流程的进一步成熟，对相关人才的孵化等而言都至关重要，也关系着未来国漫IP的本土生命力与活力，本土上行是全球上行最基础的前提。
特色出海路线“剧漫联动”
《异人之下》让大众重新认识国漫IP海外影响力之际，其实也将一个更值得关注的现象推到了台前，即真人漫改剧在文化输出上带给国漫IP的加持，或许远比外界想象中深远。
严格来说全球范围内已有案例印证，以超英漫画为代表的美漫IP早年全球影响力有限，后来漫威与DC双双借助真人电影实现了美漫IP的认知扩张。
不过，以往谈起头部日漫IP的真人化改编外界心情都是复杂的，原因很简单，二次元与三次元之间的壁垒太坚固了，相比于更为通俗化的超英美漫IP，不少奇幻战斗类、冒险类日漫IP在真人化上难度极高。
过去此类日漫IP中真人版改编较为成功的也仅有《银魂》《浪客剑心》等，不过如今可以加上一部Netflix的《海贼王》了。
今年除了Netflix的《海贼王》，中国的《异人之下》与韩国的《超异能族》都是漫改真人剧中相当成功的案例，这是否会拉开亚洲漫改剧的新篇章我们尚不得知，但《异人之下》确实给国漫迷吃了一颗定心丸，让他们对接下来即将登场的《狐妖小红娘》《镇魂街》《镖人》《灵笼》《大理寺少卿游》等一众国漫IP改编剧影有了信心。
另一方面，这也意味着国漫IP在出海过程中有望打通“剧漫联动”的任督二脉。漫画、动画、剧集三种内容形态的受众规模是递增的，以《异人之下》为例，从漫画到动画是IP出圈的关键一步，而今剧集《异人之下》的播出又为IP吸纳了一大批未看过漫画与动画的新受众。
质量在线的前提下，真人版成为动漫IP价值放大器的几率非常高，国内外市场皆是如此，《超异能族》同名漫画知名度并不高，但如今剧集在豆瓣评分人数近10万。
之所以看好“剧漫联动”带给国漫IP的价值，也在于现阶段出海的一众娱乐产品中，宏观影响力和声量最高的便是国产剧集。YouTube上总播放量靠前的剧集中《微微一笑很倾城》单集播放量近两千万，对比来看，头部国漫《魔道祖师》单集播放量在百万量级，差距还是很显著的。
此外，TikTok上多个国家及地区#中剧#相关词条的话题热度都远高于#中国动画#。
密切关注国产剧出海表现的，都清楚当下国产剧在泰国、越南等国家的影响力已经超过韩剧，这离不开优爱腾的平台化出海战略。过去几年优爱腾海外版陆续进入亚洲多个国家，在当地流媒体市场的份额持续提升。
这一过程中，国产剧在海外的品牌效应和聚合效应愈发明显，因此，相比于日本这种特殊的“动漫之国”纯依靠动画打开国际市场，国漫IP或许更适合走“剧漫联动”路线。
过去两三年时间里，国内漫改真人剧良品率确实不低，《少年歌行》《异人之下》《棋魂》等皆是。其中两部国漫IP改编剧集《少年歌行》《异人之下》播出前受到了不少质疑，毕竟漫改剧在国内算得上新物种，好在两部作品质感都超越预期，豆瓣评分皆在8分以上，观众的“真香”虽迟但到。
可以说，在国漫IP改编剧集的操盘上，优酷等视频平台的发挥比外界想象中更稳，经验的沉淀与复用也更快。
当然，“剧漫联动”合力出海这条路能否走通，还是得看《狐妖小红娘》《镖人》《灵笼》等一众漫改剧落地后的平均水准，也要看海外市场对国漫IP改编剧集的接受程度。
目前关于后者已有初步结论，《异人之下》完结不久，长尾效应仍未释放，YouTube上单集播放量最高近百万，对后面将要出海的漫改剧来说，这可谓绝佳的好消息。
镜象娱乐（ID：jingxiangyuler）原创
2025-03-04 21:04:51,054 - 哪吒2爆火后，国漫IP能否构建自己的“漫威宇宙”_20250304210427 - INFO - Event: === STEP 1: RETRIEVAL ===
Searching for: 哪吒2爆火后，国漫IP能否构建自己的“漫威宇宙”-政策支持与行业生态优化的必要性

Retrieved Context: 

国产动漫业正逐渐进入到一个客观成绩与困境共存的特殊时期。一方面，技术力与用户规模的增长已经催生了多部爆款作品，常年出现于院线票房和各视频平台热度排行榜。另一方面，市场增速逐渐放缓，多数作品仍无法最大限度实现商业化，进入健康循环。
在这种环境下，如何持续扩大国漫影响力，刺激用户增长，提高商业化水平已成为当下文创市场内最紧要的问题之一。
近日，由中国电视艺术家协会指导，中国视协动漫艺术委员会主办的专家研讨会在京举办，现场多位专家学者结合《荣耀之章碎月篇》等案例对国漫的创新发展问题进行了深入研讨，并指出游戏与动漫业的融合发展，以及头部IP的入局将可能对国漫发展产生积极作用。
动漫融合发展，跨界联动催生新动力
至2023年底，“叫好不叫座”依旧困扰着部分国漫作品。动画番剧中，用户口碑较高的《魁拔》《风云决》等经典作品时常面临收入问题，院线电影中，2023年上映的《深海》虽然获得了较好的口碑与票房成绩，但上映首周平均排片率不足9%，低于同档期内多数真人电影。究其原因，仍是国漫影响力不足，用户增长和转化空间受制，需要通过产业融合发展来创造新的机会，而“影游融合”便是其中的重要一环，也是业界专家的重点研究课题。
研讨会中的与会专家指出，影视、动画和游戏的用户均以网生代为主，在文化偏好、文化内容的选择和传播习惯上高度共通，“影游融合”可将游戏业内更广泛、成熟的用户向动漫业导流，同时引入新的创作思维、技术以提升动漫作品品质，最终留住新用户，持续提高商业化能力和产业规模。
在产业规模层面，游戏产业的融入为动漫产业带来了更具实力的生产团队。座谈会中，中国动漫集团副总经理陈学会表示，一般来说，只有大型的文创集团才有能力做出足以推动市场发展的大型优质产品。动漫与游戏的融合，即是为动漫业引入了更多像腾讯这样具备足够能力的团队。
在商业化提升层面，头部游戏品牌为动漫业带来了用户增量。围绕此观点，央视动漫集团有限公司副总经理、动画导演曾伟京以王者荣耀 3D 动画剧集《荣耀之章碎月篇》进行举例说明。曾伟京表示，《王者荣耀》在全球范围内拥有大量用户，可以为动画番剧导入一定规模、属性相近的网生代受众，扩大用户规模。同时，“动画导演运用了许多新颖的叙事、场景呈现处理，并在细节、物件、道具、服装、化妆等方面都下了功夫”，这使得作品能够在短时间内传递更多信息，以更贴合当下年轻用户需求的内容和形式留住新用户，形成商业转化，进而推动行业繁荣。
头部IP入局，或将助力国漫“守正创新”
研讨会中，专家们针对3D 动画剧集《荣耀之章碎月篇》进行了专项讨论。部分专家在会上指出，除了升级产能和需求，《荣耀之章碎月篇》背后的《王者荣耀》IP入局动漫产业，也将进一步助力弘扬优秀传统价值观，并拉动更多头部IP和相关方进入动漫产业，助力国漫“守正创新”。
区别于西式个体主义英雄故事，《荣耀之章碎月篇》的故事是一则典型的中国侠客历程：闯荡、迷茫、斗争，最终知晓人情羁绊重于一切世间奇景，保卫家乡和亲友以成英雄。董涛认为，《荣耀之章碎月篇》是“在奇幻的外壳下包裹着传统伦理道德的内核，呈现传统价值观、伦理观”，是用现代年轻人更喜爱的幻想世界，去展示传统价值观中关于情感羁绊的真善美。
而另一方面，在当下绘梦、方特、追光等老牌动漫制作公司建构的产业格局下，游戏等不同行业的跨界入局，将打破原有生态，带动新老创作者使用新技术、新思路、新内容，最终促成新一轮的创作升级。
最后，与会专家在座谈中总结表示，对于优秀传统文化的传播要做到“守正创新”，在守住文化历史的自信的基础上积极创新谋求发展，从而创造属于这个时代和本民族的精神力作。坚守这个原则的国产动漫产业，在“影游融合”等跨界合作中，也将有望催生出更多高质量的文化产品，更好地服务于弘扬优秀传统文化，建设中国动画的文化自信。

2025-03-04 21:04:51,086 - 哪吒2爆火后，国漫IP能否构建自己的“漫威宇宙”_20250304210427 - INFO - Event: === STEP 1: RETRIEVAL ===
Searching for: 哪吒2爆火后，国漫IP能否构建自己的“漫威宇宙”-文化输出与国际化：国漫IP的全球市场机遇

Retrieved Context: 
最近，《哪吒2》可以说是火遍全球了！上映后不仅连续4天蝉联中国香港单日票房榜首，连美国洛杉矶的首映礼都座无虚席，纽约、悉尼等地的影院部分场次预售票更是提前一周就被抢光了！这波热度可以说是相当惊人了。与此同时，'哪吒热'还带动了衍生品市场的疯狂，工厂都快被'吒'疯了，加班加点生产都供不应求。这么火的IP，到底是怎么炼成的呢？
要说国产IP的成功，可不仅仅是运气好。从《哪吒2》到《黑神话：悟空》，再到《三体》，这些现象级作品的背后，都离不开对传统文化的深刻理解和创新表达。比如《哪吒2》中的'削骨还父'情节，就让无数观众泪目，这种对传统文化的现代化演绎，无疑是IP成功的关键。而《黑神话：悟空》则用顶尖的技术和精良的制作，向世界展示了中国游戏工业的强大实力。
但IP的成功，从来都不是一蹴而就的。以'哪吒'系列为例，它的成功离不开对传统文化的深耕和对市场需求的精准把握。而《三体》的成功，则是建立在对科幻文化长期积累和深入思考的基础上。这些案例告诉我们，打造成功的IP，需要的不仅是灵感，更是时间的积累和不断的打磨。
说到IP的商业化，'哪吒'系列也给我们带来了不少启示。除了票房收入，衍生品的销售、点播收入以及广告等多元化的商业模式，都为IP的商业化提供了强大的支撑。比如，'跟着电影游德州'就成为了今年春节的文旅热点，影视为文旅赋能，推动了'唐探'IP向实景化延伸。这种多元化的商业策略，不仅延长了IP的生命周期，也为相关企业带来了更多的商业机会。
但IP的打造，从来都不是一个简单的过程。爆款IP的诞生，需要从内容创作、版权运营到多元开发的协同发力。这就需要我们不仅要有好的创意，还要有好的运营团队，更要有好的市场策略。只有这样才能让IP从爆款走向长红。
最后，我们不得不提到国产IP的未来。随着网文、影视、游戏成为我国文化出海的'新三强'，打造更多引发世界关注的头部IP，已经成为我们的必答题。期待未来能有更多像《哪吒2》这样的优秀作品，让国产IP在世界舞台上掀起更大的文化浪潮！
AI太神奇了！上传照片，AI帮你5秒生成动漫头像，超多风格可选，前100名免费体验 → https://ai.sohu.com/pc/tool/cartoonFace?trans=030001_jdaidmtx44
·
展开全文
简单四步，轻松制作头像，保姆级教程来啦：
第一步：在电脑或手机浏览器中打开简单AI，或者在微信小程序搜索【简单AI】。在左侧导航栏选择"AI绘图"中的"图片生成图片"，在"选择画什么"模块选择"动漫头像"。
第二步：你在【上传参考图】这里你可以点击或拖拽上传参考图。
第三步：选择画面风格、生成比例及生成数量，点击“生成图片”，一键生成属于你的头像！
第四步：点击下载图标，就可以免费下载啦。如果需要抠图换背景，可以使用简单AI的【绘图工具-AI抠图功能】哦~
最后，是个小彩蛋，这个工具目前是【免费】的，新用户会获得30积分新手礼，相比市面上动不动就收费几百的的AI工具，性价比直接拉满！关键是操作简单，不需要下载软件，打开就能用，非常适合小白用户。
简单AI还有不少实用的AI功能，不仅可以一键生成创意美图，还能三步写出爆款文章，网站提供生成自媒体配图、创意海报、种草笔记、爆款标题、活动方案、AI商品图及AI证件照等多项AI创作功能。快来试试吧！
转自：千龙网
《哪吒之魔童闹海》（以下简称《哪吒2》）自上映以来，票房一路高歌猛进，以拔节之势助推“国漫崛起”话题成为全民讨论热点。
从2015年上映的《西游记之大圣归来》（以下简称《大圣归来》）打破国产动画近30年的沉寂，到耗时12年制作而成的极具东方美学风格动画电影《大鱼海棠》；从“熊出没”系列原创动画IP走红，到《哪吒2》全球票房（含预售及海外）突破139亿元，位列全球电影榜第八位……10年来，口碑、票房双丰收的国产动漫市场正以势不可挡之态，向打破好莱坞对全球票房长期垄断这一目标挺进。
电影《哪吒之魔童闹海》中的哪吒形象。电影《哪吒之魔童闹海》官方微博供图
伴随着国产动画电影的爆火，“国漫崛起”的话题进入大众视野。不过，票房的成功并不代表国漫整体水平的跃升。从美国、日本等国的动漫行业发展历程来看，处于“单点爆发”阶段的国漫要实现“全球深耕”，仍有很长的路要走。
“人们谈‘国漫崛起’时，往往关注的是信心、希望和未来等问题，事实上，还应正视‘崛起’背后仍旧存在制作软件自主开发能力弱、产业链不完善、复合型人才缺乏、跨文化传播动力不足等发展困境，以及对破局之道的持续探索。”2月20日，北京大学新闻与传播学院长聘副教授王洪喆接受科技日报记者采访时表示。
“传统文化+现代叙事”
助国漫突围
齐刘海、烟熏妆的丑萌哪吒形象，有关成长、逆袭等引发观众情感共鸣的剧情设计，幽默诙谐的方言大集合……随着《哪吒2》票房屡创新高，观众对其爆火原因的讨论也不断延伸。
“可以说，《哪吒2》的爆火有着必然性。”武汉两点十分文化传播有限公司创始人兼CEO王世勇说。该公司深耕游戏CG动画宣传片及原创动画制作17年，深度参与了“哪吒”系列动画电影制作。王世勇告诉记者，近年来爆火的国产动画电影有三方面的共性：取材于中国神话故事或民间传说、颠覆式的人物设计和剧本创作、先进数字动画技术的加持。
从《大圣归来》《白蛇：缘起》《姜子牙》《新神榜：哪吒重生》以及《哪吒2》等动画电影的表现来看，以《西游记》《白蛇传》《封神演义》等古典文学作品和神话故事为创作之源，成了国产动画电影票房、口碑的保证。大众熟知的剧情故事和人物，再加上丑帅孙悟空、工装“青蛇”、黑眼圈哪吒等人物的创新改编，戏曲、水墨画等文化元素的凸显，观众的心理预期被大大满足，自发参与到电影的口碑营销中，助推票房逆袭。
网络游戏《梦三国2》中的吕布形象。杭州电魂网络科技股份有限公司供图
在保利文化集团股份有限公司（以下简称“保利文化”）党委书记、董事长王波看来，中华文明上下五千年的文化积淀，是“国漫崛起”得天独厚的优势资源。因此，开发具有中华民族特色的IP，是国漫发展顺势而为的本能表现。
王波介绍，以《铁扇公主》《哪吒闹海》等为代表的早期国产动画电影，便是深耕中华优秀传统文化的成功探索。进入21世纪以来，随着大众对国漫消费需求的增长，国漫市场迎来发展新机遇，越来越多的企业延续早期国产动画的发展路径，以“传统文化+现代叙事”的创作模式破圈突围。
科技赋能
“国漫崛起”态势全面形成
通过VR技术预先构建天宫场景；自主研发全球首个“动态水墨渲染引擎”技术，完成中国传统水墨画意境的数字化表达视效……在《哪吒2》中，全国138家动画制作公司合力打造的兼具东方美学意境和现代科技感的震撼特效场景，又一次向世界彰显“国漫崛起”背后，我国文化软实力与电影科技硬实力的深度融合。
“国产动画电影制作水平和综合技术的应用，在部分环节已经全球领先。”王世勇表示，《哪吒2》中成千上万的海妖身缠锁链激战的“海底炼狱”场景震惊了不少海内外观众，这得益于团队自主研发的群集动画软件Miarmy的助力。“该软件荣获美国第70届技术与工程艾美奖，现已服务多部动画电影的高精度场景与特效制作。”他说。
《哪吒2》片方曾向媒体透露，在制作前期，原本由国外顶尖动画团队制作的大部分特效场景因未达预期，遂换成了国内团队来制作，最终造就了此次国漫“大团结”的盛况。
北京什悦文化传播有限公司总导演张恬恬从事动画制作已有10余年，见证了国产动画制作技术水平的跃升。她坦言，近年来，随着实时渲染、合成图层等数字动画技术的发展，以及VR/AR、人工智能等前沿技术的融入，国产动画制作逐渐趋于数字化和虚拟化，已经实现了从传统手绘到智能工业化的跨越。
在《大圣归来》中，逼真的角色毛发系统还原、流体物理动力学解算和动画角色流畅行为，给观众以沉浸式的视觉体验；制作团队以好莱坞企业约1/10的成本、1/3的人员数量完成了可与其品质媲美的动画电影《新神榜：杨戬》；《海贼王》《葬送的芙莉莲》等动画作品中，由国内动画制作团队负责的画面流畅自然、张力十足，受到国外观众好评……科技赋能，国漫迎来了飞跃发展期，除动画电影外，网络文学、漫画、动漫、游戏、文创衍生品等产业也迎来“觉醒时刻”，“国漫崛起”态势全面形成。
作为国务院国资委序列中以文化艺术经营为主业的央企，保利文化早早构建起了从内容制作、发行到放映的全产业链，推动了“熊出没”系列电影的出品发行，打造了游戏《黑神话：悟空》数字IP与交响乐结合的跨界音乐会。
保利文化集团股份有限公司提供
自2005年起，浙江省杭州市便开始布局发展动漫游戏产业，率先在全国出台鼓励和扶持动漫游戏产业发展的有关政策举措，持续打造“动漫之都”。据杭州市文化创意产业发展中心相关负责人表示，从2006年开始，中国国际动漫节固定落户杭州。近年来，杭州孵化了国内首款3A游戏《黑神话：悟空》及系列动画作品，成为了“国漫崛起”中的一股强劲力量。
警惕内容同质化、“内卷式”竞争
“为中华优秀传统文化IP屡屡翻新、破壁欣喜之余，也要警惕国漫市场存在的创作内容同质化、原创动力不足等问题。”浙江大学文学院教授、影视与动漫游戏研究中心主任盘剑告诉记者，当前大部分国漫作品局限于“封神演义”“西游记”等公共IP题材的“安全范围”内，优质原创IP极为缺乏。
盘剑表示，随着《大圣归来》《姜子牙》、“新神榜”系列及“哪吒”系列等爆款国产动画电影出圈，国漫“封神宇宙”逐步形成，且有着对标美漫“漫威宇宙”之势。但由于“封神宇宙”属于公共IP，即任何团队都可围绕此IP制作有着相近时代背景却缺乏联动的系列作品。因此，很难形成像“漫威宇宙”的完整故事世界，不仅导致观众审美疲劳，还易造成国漫“内卷式”竞争。
3D武侠动画连续剧《秦时明月》。杭州玄机科技股份有限公司供图
在制作技术方面，盘剑认为，国产动画对先进数字技术的应用已相对成熟，但对动画引擎和制作软件的自主开发能力仍很欠缺。部分发达国家会为了一部新影片开发一套新软件，达到新的视觉效果，而我国在这方面的创新意识仍然不够。此外，游戏、动画等产业发展不平衡，部分企业制作大量劣质动画作品挤压优秀作品推广、变现空间，既懂专业技术又有审美创意的复合型的动漫人才缺乏等，也都阻碍了国漫市场健康发展。
在国内市场困境未破的同时，国漫“出海”也壁垒重重。
北京电影学院电影学系副教授李啸洋告诉记者，国漫作品是基于特定文化与历史语境变化的文化产品，具有历史性、现代性。但由于文化差异、海外发行和营销薄弱、翻译质量不高等因素，在国内爆火的部分国产动画电影在海外市场的票房表现却不尽如人意，“国漫”跨文化传播实践效果并不理想。
李啸洋进一步解释道，《大圣归来》中“二郎神真的有三只眼睛吗”等台词设定的笑点，未能给海外观众留下记忆；国产动画电影中常见的混天绫、乾坤圈等热门元素以及“封神榜”世界观等的叙事模式，也与海外观众的叙事习惯存在文化鸿沟，一定程度上造成国漫在国际传播时出现“文化折扣”现象。
国漫“出海”，是跨文化视角下的重新解读。因此，翻译不符合当地语言习惯和文化特色、中文配音辅以英文字幕的形式，也会影响海外观众的理解和体验。《哪吒2》在互联网电影资料库（IMDB）网站评分已达8.3分，超越《阿凡达4》（7.9分）等好莱坞电影，但仍有不少外国网友表示：“看英文字幕，让我无法完全理解故事。”
加快人才培养、完善产业链
是当务之急
“当下，国漫市场应抽离票房狂欢，回归文化创作和产业发展本身，查漏补缺，精准发力，破局前进，为持续输出优质作品打下坚实基础。”王洪喆认为，加快编剧、导演、美术、特效等优秀动画人才培养，完善漫画、动漫、影视、游戏、文创IP孵化等产业链，是国漫发展的当务之急。
作为《哪吒2》六家联合制作方之一，成都千鸟文化传播有限公司早在2021年，便针对企业实际用人需求，在重庆市永川区设置了实训基地，为全国在校生免费进行动画设计和3D模型培训，持续开展人才培养储备计划。
成都千鸟文化传播有限公司重庆市永川区实训基地。科技日报记者 王姗姗 摄
“每期培训班时长在3—6个月，招生不局限于动画相关专业，也无学历限制，只要对动画感兴趣的学生都可报名。”实训基地负责人李艳磊告诉记者，学生通过培训考核后，可自主选择是否留在企业任职。“近4年来，已有约60名自主培养的人才入职企业，且参与到了《哪吒2》等重大项目制作中。”李艳磊说。
在技术创新和产业链完善方面，王洪喆建议，一方面，要加强动画制作软件的自主开发；另一方面，政府、企业、高校、专业机构、创作者以及相关动漫协会组织，应形成合力，提高原创IP开发水平，创新现代化叙事能力，强化投资、出品、发行、衍生品开发等上下游产业链的联动合作。
面对国漫“出海”的跨文化传播困局，李啸洋认为应秉持“根植本土又面向世界”的创作理念，以国际化视角挖掘爱、成长、自然等人类共通情感故事，再搭载有着中国文化价值观的叙事模式，最终实现人类命运共同体的全球化语境表达。
“国漫要形成海内外共振效应，还应在发行渠道拓展、差异化宣发、寻求中外合作等方面发力。”王波认为，随着网络媒体的崛起，除院线上映路径外，国产动画电影还应主动寻求与Netflix等海外流媒体平台的合作机会，积极参加国际电影节或动漫展，借助新媒体社群粉丝网络，形成差异化、精准化的传播矩阵。“甚至可以在目标推广国建立本土化的网络渠道，真正将文化互补的理念渗透到营销全过程，推动国漫市场转型升级。”他说。
记者手记：
百年国漫，何以为势
随着《哪吒之魔童闹海》（以下简称《哪吒2》）陆续在美国、加拿大、新西兰、斐济等国家正式上映，国人开始关注其在海外市场的表现。
中国动画可追溯至20世纪20年代。自诞生之日起，万氏兄弟等一代代先驱，便不断探索具有中国特色的动画发展道路。1941年，中国首部动画长片《铁扇公主》问世。随后，《神笔》《小蝌蚪找妈妈》《大闹天宫》等作品，以传统水墨风格加经典名著改编的特色，逐步在世界上形成了独树一帜的“中国学派”。
但从20世纪90年代开始，“中国学派”陷入了发展停滞，而美国、日本动画产业却快速发展并形成了全球垄断之势。
21世纪以来，一批敢于创新的中国动画企业和创作者“觉醒”，逐渐从世界加工厂转变为原创内容生产者。他们延续了“中国学派”的民族主义风格，从传统文化中汲取创作养分。国家相关部门也出台了多项助力动画产业发展的政策举措，大力扶持彰显中华民族精神和东方美学风格动画电影作品，持续为“国漫崛起”注入强心剂。
2015年，《西游记之大圣归来》爆火出圈，打破了国产动画近30年的沉寂。随后，《白蛇：缘起》《姜子牙》《新神榜：哪吒重生》《哪吒2》等动画电影如雨后春笋般涌现，“熊出没”系列、《罗小黑战记》等原创IP动画电影，也在海外市场创造了出色成绩。
湖南极也视界文化艺术有限公司参与了《哪吒2》中十二金仙等多种3D建模制作。该公司CEO满磊告诉记者，公司成立4年来，有近一半的时间放在了《哪吒2》的制作上。“得益于头部爆款作品的带动，我们这样的初创型动画企业有了更多发展机会。”满磊说。
2020年，“00后”大学生公治皓，看准国漫市场的快速发展，决定创业从事国漫IP衍生品孵化。他告诉记者：“期待能有更多青年人成为国漫发展助推者，推动国漫市场向动画、漫画、游戏等产业链集合发展迈进。”
国漫作为一种特殊的文化产品，自然而然被赋予了传播国家形象、讲好中国故事的新使命。因此，当我们谈“国漫崛起”时，要以全球视野思考这一命题。或许，当国外的儿童也看着中国动画长大时，重现中国动画辉煌和“国漫崛起”，才真正有了现实意义。

2025-03-04 21:04:51,106 - 哪吒2爆火后，国漫IP能否构建自己的“漫威宇宙”_20250304210427 - INFO - Event: === STEP 1: RETRIEVAL ===
Searching for: 哪吒2爆火后，国漫IP能否构建自己的“漫威宇宙”-国漫IP发展现状与核心代表作品分析

Retrieved Context: 
转自：千龙网
《哪吒之魔童闹海》（以下简称《哪吒2》）自上映以来，票房一路高歌猛进，以拔节之势助推“国漫崛起”话题成为全民讨论热点。
从2015年上映的《西游记之大圣归来》（以下简称《大圣归来》）打破国产动画近30年的沉寂，到耗时12年制作而成的极具东方美学风格动画电影《大鱼海棠》；从“熊出没”系列原创动画IP走红，到《哪吒2》全球票房（含预售及海外）突破139亿元，位列全球电影榜第八位……10年来，口碑、票房双丰收的国产动漫市场正以势不可挡之态，向打破好莱坞对全球票房长期垄断这一目标挺进。
电影《哪吒之魔童闹海》中的哪吒形象。电影《哪吒之魔童闹海》官方微博供图
伴随着国产动画电影的爆火，“国漫崛起”的话题进入大众视野。不过，票房的成功并不代表国漫整体水平的跃升。从美国、日本等国的动漫行业发展历程来看，处于“单点爆发”阶段的国漫要实现“全球深耕”，仍有很长的路要走。
“人们谈‘国漫崛起’时，往往关注的是信心、希望和未来等问题，事实上，还应正视‘崛起’背后仍旧存在制作软件自主开发能力弱、产业链不完善、复合型人才缺乏、跨文化传播动力不足等发展困境，以及对破局之道的持续探索。”2月20日，北京大学新闻与传播学院长聘副教授王洪喆接受科技日报记者采访时表示。
“传统文化+现代叙事”
助国漫突围
齐刘海、烟熏妆的丑萌哪吒形象，有关成长、逆袭等引发观众情感共鸣的剧情设计，幽默诙谐的方言大集合……随着《哪吒2》票房屡创新高，观众对其爆火原因的讨论也不断延伸。
“可以说，《哪吒2》的爆火有着必然性。”武汉两点十分文化传播有限公司创始人兼CEO王世勇说。该公司深耕游戏CG动画宣传片及原创动画制作17年，深度参与了“哪吒”系列动画电影制作。王世勇告诉记者，近年来爆火的国产动画电影有三方面的共性：取材于中国神话故事或民间传说、颠覆式的人物设计和剧本创作、先进数字动画技术的加持。
从《大圣归来》《白蛇：缘起》《姜子牙》《新神榜：哪吒重生》以及《哪吒2》等动画电影的表现来看，以《西游记》《白蛇传》《封神演义》等古典文学作品和神话故事为创作之源，成了国产动画电影票房、口碑的保证。大众熟知的剧情故事和人物，再加上丑帅孙悟空、工装“青蛇”、黑眼圈哪吒等人物的创新改编，戏曲、水墨画等文化元素的凸显，观众的心理预期被大大满足，自发参与到电影的口碑营销中，助推票房逆袭。
网络游戏《梦三国2》中的吕布形象。杭州电魂网络科技股份有限公司供图
在保利文化集团股份有限公司（以下简称“保利文化”）党委书记、董事长王波看来，中华文明上下五千年的文化积淀，是“国漫崛起”得天独厚的优势资源。因此，开发具有中华民族特色的IP，是国漫发展顺势而为的本能表现。
王波介绍，以《铁扇公主》《哪吒闹海》等为代表的早期国产动画电影，便是深耕中华优秀传统文化的成功探索。进入21世纪以来，随着大众对国漫消费需求的增长，国漫市场迎来发展新机遇，越来越多的企业延续早期国产动画的发展路径，以“传统文化+现代叙事”的创作模式破圈突围。
科技赋能
“国漫崛起”态势全面形成
通过VR技术预先构建天宫场景；自主研发全球首个“动态水墨渲染引擎”技术，完成中国传统水墨画意境的数字化表达视效……在《哪吒2》中，全国138家动画制作公司合力打造的兼具东方美学意境和现代科技感的震撼特效场景，又一次向世界彰显“国漫崛起”背后，我国文化软实力与电影科技硬实力的深度融合。
“国产动画电影制作水平和综合技术的应用，在部分环节已经全球领先。”王世勇表示，《哪吒2》中成千上万的海妖身缠锁链激战的“海底炼狱”场景震惊了不少海内外观众，这得益于团队自主研发的群集动画软件Miarmy的助力。“该软件荣获美国第70届技术与工程艾美奖，现已服务多部动画电影的高精度场景与特效制作。”他说。
《哪吒2》片方曾向媒体透露，在制作前期，原本由国外顶尖动画团队制作的大部分特效场景因未达预期，遂换成了国内团队来制作，最终造就了此次国漫“大团结”的盛况。
北京什悦文化传播有限公司总导演张恬恬从事动画制作已有10余年，见证了国产动画制作技术水平的跃升。她坦言，近年来，随着实时渲染、合成图层等数字动画技术的发展，以及VR/AR、人工智能等前沿技术的融入，国产动画制作逐渐趋于数字化和虚拟化，已经实现了从传统手绘到智能工业化的跨越。
在《大圣归来》中，逼真的角色毛发系统还原、流体物理动力学解算和动画角色流畅行为，给观众以沉浸式的视觉体验；制作团队以好莱坞企业约1/10的成本、1/3的人员数量完成了可与其品质媲美的动画电影《新神榜：杨戬》；《海贼王》《葬送的芙莉莲》等动画作品中，由国内动画制作团队负责的画面流畅自然、张力十足，受到国外观众好评……科技赋能，国漫迎来了飞跃发展期，除动画电影外，网络文学、漫画、动漫、游戏、文创衍生品等产业也迎来“觉醒时刻”，“国漫崛起”态势全面形成。
作为国务院国资委序列中以文化艺术经营为主业的央企，保利文化早早构建起了从内容制作、发行到放映的全产业链，推动了“熊出没”系列电影的出品发行，打造了游戏《黑神话：悟空》数字IP与交响乐结合的跨界音乐会。
保利文化集团股份有限公司提供
自2005年起，浙江省杭州市便开始布局发展动漫游戏产业，率先在全国出台鼓励和扶持动漫游戏产业发展的有关政策举措，持续打造“动漫之都”。据杭州市文化创意产业发展中心相关负责人表示，从2006年开始，中国国际动漫节固定落户杭州。近年来，杭州孵化了国内首款3A游戏《黑神话：悟空》及系列动画作品，成为了“国漫崛起”中的一股强劲力量。
警惕内容同质化、“内卷式”竞争
“为中华优秀传统文化IP屡屡翻新、破壁欣喜之余，也要警惕国漫市场存在的创作内容同质化、原创动力不足等问题。”浙江大学文学院教授、影视与动漫游戏研究中心主任盘剑告诉记者，当前大部分国漫作品局限于“封神演义”“西游记”等公共IP题材的“安全范围”内，优质原创IP极为缺乏。
盘剑表示，随着《大圣归来》《姜子牙》、“新神榜”系列及“哪吒”系列等爆款国产动画电影出圈，国漫“封神宇宙”逐步形成，且有着对标美漫“漫威宇宙”之势。但由于“封神宇宙”属于公共IP，即任何团队都可围绕此IP制作有着相近时代背景却缺乏联动的系列作品。因此，很难形成像“漫威宇宙”的完整故事世界，不仅导致观众审美疲劳，还易造成国漫“内卷式”竞争。
3D武侠动画连续剧《秦时明月》。杭州玄机科技股份有限公司供图
在制作技术方面，盘剑认为，国产动画对先进数字技术的应用已相对成熟，但对动画引擎和制作软件的自主开发能力仍很欠缺。部分发达国家会为了一部新影片开发一套新软件，达到新的视觉效果，而我国在这方面的创新意识仍然不够。此外，游戏、动画等产业发展不平衡，部分企业制作大量劣质动画作品挤压优秀作品推广、变现空间，既懂专业技术又有审美创意的复合型的动漫人才缺乏等，也都阻碍了国漫市场健康发展。
在国内市场困境未破的同时，国漫“出海”也壁垒重重。
北京电影学院电影学系副教授李啸洋告诉记者，国漫作品是基于特定文化与历史语境变化的文化产品，具有历史性、现代性。但由于文化差异、海外发行和营销薄弱、翻译质量不高等因素，在国内爆火的部分国产动画电影在海外市场的票房表现却不尽如人意，“国漫”跨文化传播实践效果并不理想。
李啸洋进一步解释道，《大圣归来》中“二郎神真的有三只眼睛吗”等台词设定的笑点，未能给海外观众留下记忆；国产动画电影中常见的混天绫、乾坤圈等热门元素以及“封神榜”世界观等的叙事模式，也与海外观众的叙事习惯存在文化鸿沟，一定程度上造成国漫在国际传播时出现“文化折扣”现象。
国漫“出海”，是跨文化视角下的重新解读。因此，翻译不符合当地语言习惯和文化特色、中文配音辅以英文字幕的形式，也会影响海外观众的理解和体验。《哪吒2》在互联网电影资料库（IMDB）网站评分已达8.3分，超越《阿凡达4》（7.9分）等好莱坞电影，但仍有不少外国网友表示：“看英文字幕，让我无法完全理解故事。”
加快人才培养、完善产业链
是当务之急
“当下，国漫市场应抽离票房狂欢，回归文化创作和产业发展本身，查漏补缺，精准发力，破局前进，为持续输出优质作品打下坚实基础。”王洪喆认为，加快编剧、导演、美术、特效等优秀动画人才培养，完善漫画、动漫、影视、游戏、文创IP孵化等产业链，是国漫发展的当务之急。
作为《哪吒2》六家联合制作方之一，成都千鸟文化传播有限公司早在2021年，便针对企业实际用人需求，在重庆市永川区设置了实训基地，为全国在校生免费进行动画设计和3D模型培训，持续开展人才培养储备计划。
成都千鸟文化传播有限公司重庆市永川区实训基地。科技日报记者 王姗姗 摄
“每期培训班时长在3—6个月，招生不局限于动画相关专业，也无学历限制，只要对动画感兴趣的学生都可报名。”实训基地负责人李艳磊告诉记者，学生通过培训考核后，可自主选择是否留在企业任职。“近4年来，已有约60名自主培养的人才入职企业，且参与到了《哪吒2》等重大项目制作中。”李艳磊说。
在技术创新和产业链完善方面，王洪喆建议，一方面，要加强动画制作软件的自主开发；另一方面，政府、企业、高校、专业机构、创作者以及相关动漫协会组织，应形成合力，提高原创IP开发水平，创新现代化叙事能力，强化投资、出品、发行、衍生品开发等上下游产业链的联动合作。
面对国漫“出海”的跨文化传播困局，李啸洋认为应秉持“根植本土又面向世界”的创作理念，以国际化视角挖掘爱、成长、自然等人类共通情感故事，再搭载有着中国文化价值观的叙事模式，最终实现人类命运共同体的全球化语境表达。
“国漫要形成海内外共振效应，还应在发行渠道拓展、差异化宣发、寻求中外合作等方面发力。”王波认为，随着网络媒体的崛起，除院线上映路径外，国产动画电影还应主动寻求与Netflix等海外流媒体平台的合作机会，积极参加国际电影节或动漫展，借助新媒体社群粉丝网络，形成差异化、精准化的传播矩阵。“甚至可以在目标推广国建立本土化的网络渠道，真正将文化互补的理念渗透到营销全过程，推动国漫市场转型升级。”他说。
记者手记：
百年国漫，何以为势
随着《哪吒之魔童闹海》（以下简称《哪吒2》）陆续在美国、加拿大、新西兰、斐济等国家正式上映，国人开始关注其在海外市场的表现。
中国动画可追溯至20世纪20年代。自诞生之日起，万氏兄弟等一代代先驱，便不断探索具有中国特色的动画发展道路。1941年，中国首部动画长片《铁扇公主》问世。随后，《神笔》《小蝌蚪找妈妈》《大闹天宫》等作品，以传统水墨风格加经典名著改编的特色，逐步在世界上形成了独树一帜的“中国学派”。
但从20世纪90年代开始，“中国学派”陷入了发展停滞，而美国、日本动画产业却快速发展并形成了全球垄断之势。
21世纪以来，一批敢于创新的中国动画企业和创作者“觉醒”，逐渐从世界加工厂转变为原创内容生产者。他们延续了“中国学派”的民族主义风格，从传统文化中汲取创作养分。国家相关部门也出台了多项助力动画产业发展的政策举措，大力扶持彰显中华民族精神和东方美学风格动画电影作品，持续为“国漫崛起”注入强心剂。
2015年，《西游记之大圣归来》爆火出圈，打破了国产动画近30年的沉寂。随后，《白蛇：缘起》《姜子牙》《新神榜：哪吒重生》《哪吒2》等动画电影如雨后春笋般涌现，“熊出没”系列、《罗小黑战记》等原创IP动画电影，也在海外市场创造了出色成绩。
湖南极也视界文化艺术有限公司参与了《哪吒2》中十二金仙等多种3D建模制作。该公司CEO满磊告诉记者，公司成立4年来，有近一半的时间放在了《哪吒2》的制作上。“得益于头部爆款作品的带动，我们这样的初创型动画企业有了更多发展机会。”满磊说。
2020年，“00后”大学生公治皓，看准国漫市场的快速发展，决定创业从事国漫IP衍生品孵化。他告诉记者：“期待能有更多青年人成为国漫发展助推者，推动国漫市场向动画、漫画、游戏等产业链集合发展迈进。”
国漫作为一种特殊的文化产品，自然而然被赋予了传播国家形象、讲好中国故事的新使命。因此，当我们谈“国漫崛起”时，要以全球视野思考这一命题。或许，当国外的儿童也看着中国动画长大时，重现中国动画辉煌和“国漫崛起”，才真正有了现实意义。
最近，《哪吒2》可以说是火遍全球了！上映后不仅连续4天蝉联中国香港单日票房榜首，连美国洛杉矶的首映礼都座无虚席，纽约、悉尼等地的影院部分场次预售票更是提前一周就被抢光了！这波热度可以说是相当惊人了。与此同时，'哪吒热'还带动了衍生品市场的疯狂，工厂都快被'吒'疯了，加班加点生产都供不应求。这么火的IP，到底是怎么炼成的呢？
要说国产IP的成功，可不仅仅是运气好。从《哪吒2》到《黑神话：悟空》，再到《三体》，这些现象级作品的背后，都离不开对传统文化的深刻理解和创新表达。比如《哪吒2》中的'削骨还父'情节，就让无数观众泪目，这种对传统文化的现代化演绎，无疑是IP成功的关键。而《黑神话：悟空》则用顶尖的技术和精良的制作，向世界展示了中国游戏工业的强大实力。
但IP的成功，从来都不是一蹴而就的。以'哪吒'系列为例，它的成功离不开对传统文化的深耕和对市场需求的精准把握。而《三体》的成功，则是建立在对科幻文化长期积累和深入思考的基础上。这些案例告诉我们，打造成功的IP，需要的不仅是灵感，更是时间的积累和不断的打磨。
说到IP的商业化，'哪吒'系列也给我们带来了不少启示。除了票房收入，衍生品的销售、点播收入以及广告等多元化的商业模式，都为IP的商业化提供了强大的支撑。比如，'跟着电影游德州'就成为了今年春节的文旅热点，影视为文旅赋能，推动了'唐探'IP向实景化延伸。这种多元化的商业策略，不仅延长了IP的生命周期，也为相关企业带来了更多的商业机会。
但IP的打造，从来都不是一个简单的过程。爆款IP的诞生，需要从内容创作、版权运营到多元开发的协同发力。这就需要我们不仅要有好的创意，还要有好的运营团队，更要有好的市场策略。只有这样才能让IP从爆款走向长红。
最后，我们不得不提到国产IP的未来。随着网文、影视、游戏成为我国文化出海的'新三强'，打造更多引发世界关注的头部IP，已经成为我们的必答题。期待未来能有更多像《哪吒2》这样的优秀作品，让国产IP在世界舞台上掀起更大的文化浪潮！
AI太神奇了！上传照片，AI帮你5秒生成动漫头像，超多风格可选，前100名免费体验 → https://ai.sohu.com/pc/tool/cartoonFace?trans=030001_jdaidmtx44
·
展开全文
简单四步，轻松制作头像，保姆级教程来啦：
第一步：在电脑或手机浏览器中打开简单AI，或者在微信小程序搜索【简单AI】。在左侧导航栏选择"AI绘图"中的"图片生成图片"，在"选择画什么"模块选择"动漫头像"。
第二步：你在【上传参考图】这里你可以点击或拖拽上传参考图。
第三步：选择画面风格、生成比例及生成数量，点击“生成图片”，一键生成属于你的头像！
第四步：点击下载图标，就可以免费下载啦。如果需要抠图换背景，可以使用简单AI的【绘图工具-AI抠图功能】哦~
最后，是个小彩蛋，这个工具目前是【免费】的，新用户会获得30积分新手礼，相比市面上动不动就收费几百的的AI工具，性价比直接拉满！关键是操作简单，不需要下载软件，打开就能用，非常适合小白用户。
简单AI还有不少实用的AI功能，不仅可以一键生成创意美图，还能三步写出爆款文章，网站提供生成自媒体配图、创意海报、种草笔记、爆款标题、活动方案、AI商品图及AI证件照等多项AI创作功能。快来试试吧！

